#
# A fatal error has been detected by the Java Runtime Environment:
#
#  Internal Error (./src/hotspot/share/oops/generateOopMap.cpp:2164), pid=6920, tid=19744
#  fatal error: Illegal class file encountered. Try running with -Xverify:all in method copyPortTestGroup
#
# JRE version: OpenJDK Runtime Environment GraalVM CE 22.1.0 (11.0.15+10) (build 11.0.15+10-jvmci-22.1-b06)
# Java VM: OpenJDK 64-Bit Server VM GraalVM CE 22.1.0 (11.0.15+10-jvmci-22.1-b06, mixed mode, sharing, tiered, jvmci, compressed oops, g1 gc, windows-amd64)
# No core dump will be written. Minidumps are not enabled by default on client versions of Windows
#
# If you would like to submit a bug report, please visit:
#   https://github.com/oracle/graal/issues
#

---------------  S U M M A R Y ------------

Command Line: -XX:ThreadPriorityPolicy=1 -XX:+UnlockExperimentalVMOptions -XX:+EnableJVMCIProduct -XX:-UnlockExperimentalVMOptions -agentlib:jdwp=transport=dt_socket,suspend=y,address=localhost:60466 -Dcom.sun.management.jmxremote -Dcom.sun.management.jmxremote.port=60465 -Dcom.sun.management.jmxremote.authenticate=false -Dcom.sun.management.jmxremote.ssl=false -Djava.rmi.server.hostname=localhost -Dspring.jmx.enabled=true -Dspring.application.admin.enabled=true -XX:TieredStopAtLevel=1 -Dspring.boot.project.name=codejava -javaagent:C:\Users\miyak\eclipse\java-2020-12\eclipse\configuration\org.eclipse.osgi\220\0\.cp\lib\javaagent-shaded.jar -Dfile.encoding=MS932 com.miyake.demo.CodejavaApplication

Host: Intel(R) Core(TM) i5-1035G7 CPU @ 1.20GHz, 8 cores, 7G,  Windows 11 , 64 bit Build 22000 (10.0.22000.675)
Time: Sat Jun  4 11:00:01 2022  Windows 11 , 64 bit Build 22000 (10.0.22000.675) elapsed time: 1854.995700 seconds (0d 0h 30m 54s)

---------------  T H R E A D  ---------------

Current thread (0x000001e01e961800):  VMThread "VM Thread" [stack: 0x0000002ea1000000,0x0000002ea1100000] [id=19744]

Stack: [0x0000002ea1000000,0x0000002ea1100000]
[error occurred during error reporting (printing stack bounds), id 0xc0000005, EXCEPTION_ACCESS_VIOLATION (0xc0000005) at pc=0x000001e0096c12e7]

Native frames: (J=compiled Java code, j=interpreted, Vv=VM code, C=native code)
V  [jvm.dll+0x63f4ba]
V  [jvm.dll+0x77c319]
V  [jvm.dll+0x77da08]
V  [jvm.dll+0x77e095]
V  [jvm.dll+0x77e04b]
V  [jvm.dll+0x63e8d7]
V  [jvm.dll+0x63efe8]
C  [ntdll.dll+0xa8e4f]
C  [ntdll.dll+0x35e9a]
C  [ntdll.dll+0xa7e5e]
C  0x000001e0096c12e7

VM_Operation (0x0000002ea19ff540): GetOrSetLocal, mode: safepoint, requested by thread 0x000001e01f2eb800


---------------  P R O C E S S  ---------------

Threads class SMR info:
_java_thread_list=0x000001e025c49300, length=40, elements={
0x000001e01e964000, 0x000001e01e96d800, 0x000001e01e984000, 0x000001e01e987000,
0x000001e01e988800, 0x000001e01e991800, 0x000001e01e995800, 0x000001e01f289800,
0x000001e01f2eb800, 0x000001e01f2f0000, 0x000001e01f2fa800, 0x000001e01fc07000,
0x000001e01fc38000, 0x000001e01fcba000, 0x000001e01fc5d800, 0x000001e01fc5e800,
0x000001e01f5dd800, 0x000001e021375800, 0x000001e021376800, 0x000001e021377800,
0x000001e021371800, 0x000001e021375000, 0x000001e021373000, 0x000001e021372800,
0x000001e021378000, 0x000001e023549000, 0x000001e02354a000, 0x000001e02354a800,
0x000001e02354b800, 0x000001e023546000, 0x000001e02354c800, 0x000001e023546800,
0x000001e023548800, 0x000001e023547800, 0x000001e023568000, 0x000001e023563800,
0x000001e023564800, 0x000001e023563000, 0x000001e02356a000, 0x000001e02356b000
}

Java Threads: ( => current thread )
  0x000001e01e964000 JavaThread "Reference Handler" daemon [_thread_blocked, id=12668, stack(0x0000002ea1100000,0x0000002ea1200000)]
  0x000001e01e96d800 JavaThread "Finalizer" daemon [_thread_blocked, id=19968, stack(0x0000002ea1200000,0x0000002ea1300000)]
  0x000001e01e984000 JavaThread "Signal Dispatcher" daemon [_thread_blocked, id=5676, stack(0x0000002ea1300000,0x0000002ea1400000)]
  0x000001e01e987000 JavaThread "Attach Listener" daemon [_thread_blocked, id=18020, stack(0x0000002ea1400000,0x0000002ea1500000)]
  0x000001e01e988800 JavaThread "Service Thread" daemon [_thread_blocked, id=14896, stack(0x0000002ea1500000,0x0000002ea1600000)]
  0x000001e01e991800 JavaThread "C1 CompilerThread0" daemon [_thread_blocked, id=7316, stack(0x0000002ea1600000,0x0000002ea1700000)]
  0x000001e01e995800 JavaThread "Sweeper thread" daemon [_thread_blocked, id=11600, stack(0x0000002ea1700000,0x0000002ea1800000)]
  0x000001e01f289800 JavaThread "Common-Cleaner" daemon [_thread_blocked, id=8596, stack(0x0000002ea1800000,0x0000002ea1900000)]
  0x000001e01f2eb800 JavaThread "JDWP Transport Listener: dt_socket" daemon [_thread_blocked, id=8724, stack(0x0000002ea1900000,0x0000002ea1a00000)] _threads_hazard_ptr=0x000001e025c49300
  0x000001e01f2f0000 JavaThread "JDWP Event Helper Thread" daemon [_thread_blocked, id=13072, stack(0x0000002ea1a00000,0x0000002ea1b00000)]
  0x000001e01f2fa800 JavaThread "JDWP Command Reader" daemon [_thread_in_native, id=5280, stack(0x0000002ea1b00000,0x0000002ea1c00000)]
  0x000001e01fc07000 JavaThread "RMI TCP Accept-0" daemon [_thread_in_native, id=2304, stack(0x0000002ea1c00000,0x0000002ea1d00000)]
  0x000001e01fc38000 JavaThread "RMI TCP Accept-60465" daemon [_thread_in_native, id=17208, stack(0x0000002ea1d00000,0x0000002ea1e00000)]
  0x000001e01fcba000 JavaThread "RMI TCP Accept-0" daemon [_thread_in_native, id=9312, stack(0x0000002ea1e00000,0x0000002ea1f00000)]
  0x000001e01fc5d800 JavaThread "RMI TCP Connection(idle)" daemon [_thread_blocked, id=10296, stack(0x0000002ea2100000,0x0000002ea2200000)]
  0x000001e01fc5e800 JavaThread "RMI Scheduler(0)" daemon [_thread_blocked, id=19844, stack(0x0000002ea2200000,0x0000002ea2300000)]
  0x000001e01f5dd800 JavaThread "JMX server connection timeout 23" daemon [_thread_blocked, id=19464, stack(0x0000002ea2400000,0x0000002ea2500000)]
  0x000001e021375800 JavaThread "Catalina-utility-1" [_thread_blocked, id=6476, stack(0x0000002ea2800000,0x0000002ea2900000)]
  0x000001e021376800 JavaThread "Catalina-utility-2" [_thread_blocked, id=16412, stack(0x0000002ea2900000,0x0000002ea2a00000)]
  0x000001e021377800 JavaThread "container-0" [_thread_blocked, id=5732, stack(0x0000002ea2a00000,0x0000002ea2b00000)]
  0x000001e021371800 JavaThread "mysql-cj-abandoned-connection-cleanup" daemon [_thread_blocked, id=14056, stack(0x0000002ea2b00000,0x0000002ea2c00000)]
  0x000001e021375000 JavaThread "HikariPool-1 housekeeper" daemon [_thread_blocked, id=13628, stack(0x0000002ea3100000,0x0000002ea3200000)]
  0x000001e021373000 JavaThread "MessageBroker-1" [_thread_blocked, id=8764, stack(0x0000002ea3300000,0x0000002ea3400000)]
  0x000001e021372800 JavaThread "http-nio-8080-exec-1" daemon [_thread_blocked, id=14956, stack(0x0000002ea3400000,0x0000002ea3500000)]
  0x000001e021378000 JavaThread "http-nio-8080-exec-2" daemon [_thread_blocked, id=14520, stack(0x0000002ea3500000,0x0000002ea3600000)]
  0x000001e023549000 JavaThread "http-nio-8080-exec-3" daemon [_thread_blocked, id=4040, stack(0x0000002ea3600000,0x0000002ea3700000)]
  0x000001e02354a000 JavaThread "http-nio-8080-exec-4" daemon [_thread_blocked, id=8732, stack(0x0000002ea3700000,0x0000002ea3800000)]
  0x000001e02354a800 JavaThread "http-nio-8080-exec-5" daemon [_thread_blocked, id=588, stack(0x0000002ea3800000,0x0000002ea3900000)]
  0x000001e02354b800 JavaThread "http-nio-8080-exec-6" daemon [_thread_blocked, id=20416, stack(0x0000002ea3900000,0x0000002ea3a00000)]
  0x000001e023546000 JavaThread "http-nio-8080-exec-7" daemon [_thread_blocked, id=7880, stack(0x0000002ea3a00000,0x0000002ea3b00000)]
  0x000001e02354c800 JavaThread "http-nio-8080-exec-8" daemon [_thread_blocked, id=17104, stack(0x0000002ea3b00000,0x0000002ea3c00000)]
  0x000001e023546800 JavaThread "http-nio-8080-exec-9" daemon [_thread_blocked, id=2612, stack(0x0000002ea3c00000,0x0000002ea3d00000)]
  0x000001e023548800 JavaThread "http-nio-8080-exec-10" daemon [_thread_blocked, id=9472, stack(0x0000002ea3d00000,0x0000002ea3e00000)]
  0x000001e023547800 JavaThread "http-nio-8080-Poller" daemon [_thread_in_native, id=9596, stack(0x0000002ea3f00000,0x0000002ea4000000)]
  0x000001e023568000 JavaThread "http-nio-8080-Acceptor" daemon [_thread_in_native, id=17676, stack(0x0000002ea4200000,0x0000002ea4300000)]
  0x000001e023563800 JavaThread "DestroyJavaVM" [_thread_blocked, id=14196, stack(0x0000002ea0a00000,0x0000002ea0b00000)]
  0x000001e023564800 JavaThread "WebSocket background processing" daemon [_thread_blocked, id=16904, stack(0x0000002ea3200000,0x0000002ea3300000)]
  0x000001e023563000 JavaThread "MessageBroker-2" [_thread_blocked, id=2188, stack(0x0000002ea0700000,0x0000002ea0800000)]
  0x000001e02356a000 JavaThread "HotSpotGraalManagement Bean Registration" daemon [_thread_blocked, id=7896, stack(0x0000002ea0900000,0x0000002ea0a00000)]
  0x000001e02356b000 JavaThread "HikariPool-1 connection adder" daemon [_thread_blocked, id=7680, stack(0x0000002ea2000000,0x0000002ea2100000)]

Other Threads:
=>0x000001e01e961800 VMThread "VM Thread" [stack: 0x0000002ea1000000,0x0000002ea1100000] [id=19744]
  0x000001e01fc48000 WatcherThread [stack: 0x0000002ea1f00000,0x0000002ea2000000] [id=18452]
  0x000001e07ebad800 GCTaskThread "GC Thread#0" [stack: 0x0000002ea0b00000,0x0000002ea0c00000] [id=18068]
  0x000001e01fd35800 GCTaskThread "GC Thread#1" [stack: 0x0000002ea2300000,0x0000002ea2400000] [id=4636]
  0x000001e01ff2b800 GCTaskThread "GC Thread#2" [stack: 0x0000002ea2600000,0x0000002ea2700000] [id=2448]
  0x000001e0205f0000 GCTaskThread "GC Thread#3" [stack: 0x0000002ea2700000,0x0000002ea2800000] [id=7100]
  0x000001e0213fb000 GCTaskThread "GC Thread#4" [stack: 0x0000002ea2c00000,0x0000002ea2d00000] [id=18300]
  0x000001e0214db800 GCTaskThread "GC Thread#5" [stack: 0x0000002ea2d00000,0x0000002ea2e00000] [id=11744]
  0x000001e0214dc000 GCTaskThread "GC Thread#6" [stack: 0x0000002ea2e00000,0x0000002ea2f00000] [id=10436]
  0x000001e0214dd000 GCTaskThread "GC Thread#7" [stack: 0x0000002ea2f00000,0x0000002ea3000000] [id=7932]
  0x000001e07ebde800 ConcurrentGCThread "G1 Main Marker" [stack: 0x0000002ea0c00000,0x0000002ea0d00000] [id=18316]
  0x000001e07ebe0000 ConcurrentGCThread "G1 Conc#0" [stack: 0x0000002ea0d00000,0x0000002ea0e00000] [id=18744]
  0x000001e020d57000 ConcurrentGCThread "G1 Conc#1" [stack: 0x0000002ea2500000,0x0000002ea2600000] [id=4392]
  0x000001e07ec5e000 ConcurrentGCThread "G1 Refine#0" [stack: 0x0000002ea0e00000,0x0000002ea0f00000] [id=12380]
  0x000001e0233b7000 ConcurrentGCThread "G1 Refine#1" [stack: 0x0000002ea3e00000,0x0000002ea3f00000] [id=15732]
  0x000001e0233b7800 ConcurrentGCThread "G1 Refine#2" [stack: 0x0000002ea4000000,0x0000002ea4100000] [id=12844]
  0x000001e0234eb000 ConcurrentGCThread "G1 Refine#3" [stack: 0x0000002ea4100000,0x0000002ea4200000] [id=9760]
  0x000001e01e7f8800 ConcurrentGCThread "G1 Young RemSet Sampling" [stack: 0x0000002ea0f00000,0x0000002ea1000000] [id=7864]

Threads with active compile tasks:

VM state:at safepoint (normal execution)

VM Mutex/Monitor currently owned by a thread:  ([mutex/lock_event])
[0x000001e07eb91820] Threads_lock - owner thread: 0x000001e01e961800

Heap address: 0x0000000086600000, size: 1946 MB, Compressed Oops mode: 32-bit
Narrow klass base: 0x0000000800000000, Narrow klass shift: 3
Compressed class space size: 1073741824 Address: 0x0000000840000000

Heap:
 garbage-first heap   total 269312K, used 185614K [0x0000000086600000, 0x0000000100000000)
  region size 1024K, 138 young (141312K), 12 survivors (12288K)
 Metaspace       used 106935K, capacity 109617K, committed 109836K, reserved 1144832K
  class space    used 14285K, capacity 15334K, committed 15456K, reserved 1048576K
Heap Regions: E=young(eden), S=young(survivor), O=old, HS=humongous(starts), HC=humongous(continues), CS=collection set, F=free, A=archive, TAMS=top-at-mark-start (previous, next)
|   0|0x0000000086600000, 0x0000000086700000, 0x0000000086700000|100%|HS|  |TAMS 0x0000000086700000, 0x0000000086600000| Complete 
|   1|0x0000000086700000, 0x0000000086800000, 0x0000000086800000|100%| O|  |TAMS 0x0000000086800000, 0x0000000086700000| Untracked 
|   2|0x0000000086800000, 0x0000000086900000, 0x0000000086900000|100%| O|  |TAMS 0x0000000086900000, 0x0000000086800000| Untracked 
|   3|0x0000000086900000, 0x0000000086a00000, 0x0000000086a00000|100%| O|  |TAMS 0x0000000086a00000, 0x0000000086900000| Untracked 
|   4|0x0000000086a00000, 0x0000000086b00000, 0x0000000086b00000|100%| O|  |TAMS 0x0000000086b00000, 0x0000000086a00000| Untracked 
|   5|0x0000000086b00000, 0x0000000086c00000, 0x0000000086c00000|100%| O|  |TAMS 0x0000000086c00000, 0x0000000086b00000| Untracked 
|   6|0x0000000086c00000, 0x0000000086d00000, 0x0000000086d00000|100%| O|  |TAMS 0x0000000086d00000, 0x0000000086c00000| Untracked 
|   7|0x0000000086d00000, 0x0000000086e00000, 0x0000000086e00000|100%| O|  |TAMS 0x0000000086e00000, 0x0000000086d00000| Untracked 
|   8|0x0000000086e00000, 0x0000000086f00000, 0x0000000086f00000|100%| O|  |TAMS 0x0000000086f00000, 0x0000000086e00000| Untracked 
|   9|0x0000000086f00000, 0x0000000087000000, 0x0000000087000000|100%| O|  |TAMS 0x0000000087000000, 0x0000000086f00000| Untracked 
|  10|0x0000000087000000, 0x0000000087100000, 0x0000000087100000|100%| O|  |TAMS 0x0000000087100000, 0x0000000087000000| Untracked 
|  11|0x0000000087100000, 0x0000000087200000, 0x0000000087200000|100%| O|  |TAMS 0x0000000087200000, 0x0000000087100000| Untracked 
|  12|0x0000000087200000, 0x0000000087300000, 0x0000000087300000|100%| O|  |TAMS 0x0000000087300000, 0x0000000087200000| Untracked 
|  13|0x0000000087300000, 0x0000000087400000, 0x0000000087400000|100%| O|  |TAMS 0x0000000087400000, 0x0000000087300000| Untracked 
|  14|0x0000000087400000, 0x0000000087500000, 0x0000000087500000|100%| O|  |TAMS 0x0000000087500000, 0x0000000087400000| Untracked 
|  15|0x0000000087500000, 0x0000000087600000, 0x0000000087600000|100%| O|  |TAMS 0x0000000087600000, 0x0000000087500000| Untracked 
|  16|0x0000000087600000, 0x0000000087700000, 0x0000000087700000|100%| O|  |TAMS 0x0000000087700000, 0x0000000087600000| Untracked 
|  17|0x0000000087700000, 0x0000000087800000, 0x0000000087800000|100%| O|  |TAMS 0x0000000087800000, 0x0000000087700000| Untracked 
|  18|0x0000000087800000, 0x0000000087900000, 0x0000000087900000|100%| O|  |TAMS 0x0000000087900000, 0x0000000087800000| Untracked 
|  19|0x0000000087900000, 0x0000000087a00000, 0x0000000087a00000|100%| O|  |TAMS 0x0000000087a00000, 0x0000000087900000| Untracked 
|  20|0x0000000087a00000, 0x0000000087b00000, 0x0000000087b00000|100%| O|  |TAMS 0x0000000087b00000, 0x0000000087a00000| Untracked 
|  21|0x0000000087b00000, 0x0000000087c00000, 0x0000000087c00000|100%| O|  |TAMS 0x0000000087c00000, 0x0000000087b00000| Untracked 
|  22|0x0000000087c00000, 0x0000000087d00000, 0x0000000087d00000|100%|HS|  |TAMS 0x0000000087d00000, 0x0000000087c00000| Complete 
|  23|0x0000000087d00000, 0x0000000087e00000, 0x0000000087e00000|100%| O|  |TAMS 0x0000000087e00000, 0x0000000087d00000| Untracked 
|  24|0x0000000087e00000, 0x0000000087f00000, 0x0000000087f00000|100%| O|  |TAMS 0x0000000087f00000, 0x0000000087e00000| Untracked 
|  25|0x0000000087f00000, 0x0000000088000000, 0x0000000088000000|100%| O|  |TAMS 0x0000000088000000, 0x0000000087f00000| Untracked 
|  26|0x0000000088000000, 0x0000000088000000, 0x0000000088100000|  0%| F|  |TAMS 0x0000000088000000, 0x0000000088000000| Untracked 
|  27|0x0000000088100000, 0x0000000088100000, 0x0000000088200000|  0%| F|  |TAMS 0x0000000088100000, 0x0000000088100000| Untracked 
|  28|0x0000000088200000, 0x0000000088300000, 0x0000000088300000|100%| O|  |TAMS 0x0000000088300000, 0x0000000088200000| Untracked 
|  29|0x0000000088300000, 0x0000000088400000, 0x0000000088400000|100%| O|  |TAMS 0x0000000088400000, 0x0000000088300000| Untracked 
|  30|0x0000000088400000, 0x0000000088500000, 0x0000000088500000|100%| O|  |TAMS 0x0000000088500000, 0x0000000088400000| Untracked 
|  31|0x0000000088500000, 0x0000000088600000, 0x0000000088600000|100%| O|  |TAMS 0x0000000088600000, 0x0000000088500000| Untracked 
|  32|0x0000000088600000, 0x0000000088700000, 0x0000000088700000|100%| O|  |TAMS 0x0000000088700000, 0x0000000088600000| Untracked 
|  33|0x0000000088700000, 0x0000000088800000, 0x0000000088800000|100%| O|  |TAMS 0x0000000088800000, 0x0000000088700000| Untracked 
|  34|0x0000000088800000, 0x0000000088900000, 0x0000000088900000|100%| O|  |TAMS 0x0000000088900000, 0x0000000088800000| Untracked 
|  35|0x0000000088900000, 0x0000000088a00000, 0x0000000088a00000|100%| O|  |TAMS 0x0000000088a00000, 0x0000000088900000| Untracked 
|  36|0x0000000088a00000, 0x0000000088b00000, 0x0000000088b00000|100%|HS|  |TAMS 0x0000000088b00000, 0x0000000088a00000| Complete 
|  37|0x0000000088b00000, 0x0000000088c00000, 0x0000000088c00000|100%| O|  |TAMS 0x0000000088c00000, 0x0000000088b00000| Untracked 
|  38|0x0000000088c00000, 0x0000000088d00000, 0x0000000088d00000|100%| O|  |TAMS 0x0000000088d00000, 0x0000000088c00000| Untracked 
|  39|0x0000000088d00000, 0x0000000088e00000, 0x0000000088e00000|100%| O|  |TAMS 0x0000000088e00000, 0x0000000088d00000| Untracked 
|  40|0x0000000088e00000, 0x0000000088f00000, 0x0000000088f00000|100%| O|  |TAMS 0x0000000088f00000, 0x0000000088e00000| Untracked 
|  41|0x0000000088f00000, 0x0000000089000000, 0x0000000089000000|100%| O|  |TAMS 0x0000000089000000, 0x0000000088f00000| Untracked 
|  42|0x0000000089000000, 0x0000000089100000, 0x0000000089100000|100%| O|  |TAMS 0x0000000089100000, 0x0000000089000000| Untracked 
|  43|0x0000000089100000, 0x0000000089200000, 0x0000000089200000|100%| O|  |TAMS 0x0000000089200000, 0x0000000089100000| Untracked 
|  44|0x0000000089200000, 0x0000000089300000, 0x0000000089300000|100%| O|  |TAMS 0x0000000089300000, 0x0000000089200000| Untracked 
|  45|0x0000000089300000, 0x0000000089400000, 0x0000000089400000|100%| O|  |TAMS 0x0000000089400000, 0x0000000089300000| Untracked 
|  46|0x0000000089400000, 0x0000000089500000, 0x0000000089500000|100%| O|  |TAMS 0x0000000089500000, 0x0000000089400000| Untracked 
|  47|0x0000000089500000, 0x0000000089600000, 0x0000000089600000|100%| O|  |TAMS 0x0000000089600000, 0x0000000089500000| Untracked 
|  48|0x0000000089600000, 0x0000000089600000, 0x0000000089700000|  0%| F|  |TAMS 0x0000000089600000, 0x0000000089600000| Untracked 
|  49|0x0000000089700000, 0x0000000089700000, 0x0000000089800000|  0%| F|  |TAMS 0x0000000089700000, 0x0000000089700000| Untracked 
|  50|0x0000000089800000, 0x0000000089800000, 0x0000000089900000|  0%| F|  |TAMS 0x0000000089800000, 0x0000000089800000| Untracked 
|  51|0x0000000089900000, 0x0000000089900000, 0x0000000089a00000|  0%| F|  |TAMS 0x0000000089900000, 0x0000000089900000| Untracked 
|  52|0x0000000089a00000, 0x0000000089a00000, 0x0000000089b00000|  0%| F|  |TAMS 0x0000000089a00000, 0x0000000089a00000| Untracked 
|  53|0x0000000089b00000, 0x0000000089b00000, 0x0000000089c00000|  0%| F|  |TAMS 0x0000000089b00000, 0x0000000089b00000| Untracked 
|  54|0x0000000089c00000, 0x0000000089c00000, 0x0000000089d00000|  0%| F|  |TAMS 0x0000000089c00000, 0x0000000089c00000| Untracked 
|  55|0x0000000089d00000, 0x0000000089d00000, 0x0000000089e00000|  0%| F|  |TAMS 0x0000000089d00000, 0x0000000089d00000| Untracked 
|  56|0x0000000089e00000, 0x0000000089e00000, 0x0000000089f00000|  0%| F|  |TAMS 0x0000000089e00000, 0x0000000089e00000| Untracked 
|  57|0x0000000089f00000, 0x0000000089f00000, 0x000000008a000000|  0%| F|  |TAMS 0x0000000089f00000, 0x0000000089f00000| Untracked 
|  58|0x000000008a000000, 0x000000008a000000, 0x000000008a100000|  0%| F|  |TAMS 0x000000008a000000, 0x000000008a000000| Untracked 
|  59|0x000000008a100000, 0x000000008a100000, 0x000000008a200000|  0%| F|  |TAMS 0x000000008a100000, 0x000000008a100000| Untracked 
|  60|0x000000008a200000, 0x000000008a200000, 0x000000008a300000|  0%| F|  |TAMS 0x000000008a200000, 0x000000008a200000| Untracked 
|  61|0x000000008a300000, 0x000000008a300000, 0x000000008a400000|  0%| F|  |TAMS 0x000000008a300000, 0x000000008a300000| Untracked 
|  62|0x000000008a400000, 0x000000008a400000, 0x000000008a500000|  0%| F|  |TAMS 0x000000008a400000, 0x000000008a400000| Untracked 
|  63|0x000000008a500000, 0x000000008a500000, 0x000000008a600000|  0%| F|  |TAMS 0x000000008a500000, 0x000000008a500000| Untracked 
|  64|0x000000008a600000, 0x000000008a600000, 0x000000008a700000|  0%| F|  |TAMS 0x000000008a600000, 0x000000008a600000| Untracked 
|  65|0x000000008a700000, 0x000000008a700000, 0x000000008a800000|  0%| F|  |TAMS 0x000000008a700000, 0x000000008a700000| Untracked 
|  66|0x000000008a800000, 0x000000008a800000, 0x000000008a900000|  0%| F|  |TAMS 0x000000008a800000, 0x000000008a800000| Untracked 
|  67|0x000000008a900000, 0x000000008a900000, 0x000000008aa00000|  0%| F|  |TAMS 0x000000008a900000, 0x000000008a900000| Untracked 
|  68|0x000000008aa00000, 0x000000008aa00000, 0x000000008ab00000|  0%| F|  |TAMS 0x000000008aa00000, 0x000000008aa00000| Untracked 
|  69|0x000000008ab00000, 0x000000008ab00000, 0x000000008ac00000|  0%| F|  |TAMS 0x000000008ab00000, 0x000000008ab00000| Untracked 
|  70|0x000000008ac00000, 0x000000008ac00000, 0x000000008ad00000|  0%| F|  |TAMS 0x000000008ac00000, 0x000000008ac00000| Untracked 
|  71|0x000000008ad00000, 0x000000008ad00000, 0x000000008ae00000|  0%| F|  |TAMS 0x000000008ad00000, 0x000000008ad00000| Untracked 
|  72|0x000000008ae00000, 0x000000008ae00000, 0x000000008af00000|  0%| F|  |TAMS 0x000000008ae00000, 0x000000008ae00000| Untracked 
|  73|0x000000008af00000, 0x000000008af00000, 0x000000008b000000|  0%| F|  |TAMS 0x000000008af00000, 0x000000008af00000| Untracked 
|  74|0x000000008b000000, 0x000000008b000000, 0x000000008b100000|  0%| F|  |TAMS 0x000000008b000000, 0x000000008b000000| Untracked 
|  75|0x000000008b100000, 0x000000008b100000, 0x000000008b200000|  0%| F|  |TAMS 0x000000008b100000, 0x000000008b100000| Untracked 
|  76|0x000000008b200000, 0x000000008b200000, 0x000000008b300000|  0%| F|  |TAMS 0x000000008b200000, 0x000000008b200000| Untracked 
|  77|0x000000008b300000, 0x000000008b300000, 0x000000008b400000|  0%| F|  |TAMS 0x000000008b300000, 0x000000008b300000| Untracked 
|  78|0x000000008b400000, 0x000000008b400000, 0x000000008b500000|  0%| F|  |TAMS 0x000000008b400000, 0x000000008b400000| Untracked 
|  79|0x000000008b500000, 0x000000008b500000, 0x000000008b600000|  0%| F|  |TAMS 0x000000008b500000, 0x000000008b500000| Untracked 
|  80|0x000000008b600000, 0x000000008b600000, 0x000000008b700000|  0%| F|  |TAMS 0x000000008b600000, 0x000000008b600000| Untracked 
|  81|0x000000008b700000, 0x000000008b700000, 0x000000008b800000|  0%| F|  |TAMS 0x000000008b700000, 0x000000008b700000| Untracked 
|  82|0x000000008b800000, 0x000000008b800000, 0x000000008b900000|  0%| F|  |TAMS 0x000000008b800000, 0x000000008b800000| Untracked 
|  83|0x000000008b900000, 0x000000008b900000, 0x000000008ba00000|  0%| F|  |TAMS 0x000000008b900000, 0x000000008b900000| Untracked 
|  84|0x000000008ba00000, 0x000000008ba00000, 0x000000008bb00000|  0%| F|  |TAMS 0x000000008ba00000, 0x000000008ba00000| Untracked 
|  85|0x000000008bb00000, 0x000000008bb00000, 0x000000008bc00000|  0%| F|  |TAMS 0x000000008bb00000, 0x000000008bb00000| Untracked 
|  86|0x000000008bc00000, 0x000000008bc00000, 0x000000008bd00000|  0%| F|  |TAMS 0x000000008bc00000, 0x000000008bc00000| Untracked 
|  87|0x000000008bd00000, 0x000000008bd00000, 0x000000008be00000|  0%| F|  |TAMS 0x000000008bd00000, 0x000000008bd00000| Untracked 
|  88|0x000000008be00000, 0x000000008be00000, 0x000000008bf00000|  0%| F|  |TAMS 0x000000008be00000, 0x000000008be00000| Untracked 
|  89|0x000000008bf00000, 0x000000008bf00000, 0x000000008c000000|  0%| F|  |TAMS 0x000000008bf00000, 0x000000008bf00000| Untracked 
|  90|0x000000008c000000, 0x000000008c000000, 0x000000008c100000|  0%| F|  |TAMS 0x000000008c000000, 0x000000008c000000| Untracked 
|  91|0x000000008c100000, 0x000000008c100000, 0x000000008c200000|  0%| F|  |TAMS 0x000000008c100000, 0x000000008c100000| Untracked 
|  92|0x000000008c200000, 0x000000008c200000, 0x000000008c300000|  0%| F|  |TAMS 0x000000008c200000, 0x000000008c200000| Untracked 
|  93|0x000000008c300000, 0x000000008c300000, 0x000000008c400000|  0%| F|  |TAMS 0x000000008c300000, 0x000000008c300000| Untracked 
|  94|0x000000008c400000, 0x000000008c400000, 0x000000008c500000|  0%| F|  |TAMS 0x000000008c400000, 0x000000008c400000| Untracked 
|  95|0x000000008c500000, 0x000000008c500000, 0x000000008c600000|  0%| F|  |TAMS 0x000000008c500000, 0x000000008c500000| Untracked 
|  96|0x000000008c600000, 0x000000008c600000, 0x000000008c700000|  0%| F|  |TAMS 0x000000008c600000, 0x000000008c600000| Untracked 
|  97|0x000000008c700000, 0x000000008c700000, 0x000000008c800000|  0%| F|  |TAMS 0x000000008c700000, 0x000000008c700000| Untracked 
|  98|0x000000008c800000, 0x000000008c800000, 0x000000008c900000|  0%| F|  |TAMS 0x000000008c800000, 0x000000008c800000| Untracked 
|  99|0x000000008c900000, 0x000000008c900000, 0x000000008ca00000|  0%| F|  |TAMS 0x000000008c900000, 0x000000008c900000| Untracked 
| 100|0x000000008ca00000, 0x000000008ca00000, 0x000000008cb00000|  0%| F|  |TAMS 0x000000008ca00000, 0x000000008ca00000| Untracked 
| 101|0x000000008cb00000, 0x000000008cb00000, 0x000000008cc00000|  0%| F|  |TAMS 0x000000008cb00000, 0x000000008cb00000| Untracked 
| 102|0x000000008cc00000, 0x000000008cc00000, 0x000000008cd00000|  0%| F|  |TAMS 0x000000008cc00000, 0x000000008cc00000| Untracked 
| 103|0x000000008cd00000, 0x000000008cd00000, 0x000000008ce00000|  0%| F|  |TAMS 0x000000008cd00000, 0x000000008cd00000| Untracked 
| 104|0x000000008ce00000, 0x000000008ce00000, 0x000000008cf00000|  0%| F|  |TAMS 0x000000008ce00000, 0x000000008ce00000| Untracked 
| 105|0x000000008cf00000, 0x000000008cf00000, 0x000000008d000000|  0%| F|  |TAMS 0x000000008cf00000, 0x000000008cf00000| Untracked 
| 106|0x000000008d000000, 0x000000008d000000, 0x000000008d100000|  0%| F|  |TAMS 0x000000008d000000, 0x000000008d000000| Untracked 
| 107|0x000000008d100000, 0x000000008d100000, 0x000000008d200000|  0%| F|  |TAMS 0x000000008d100000, 0x000000008d100000| Untracked 
| 108|0x000000008d200000, 0x000000008d200000, 0x000000008d300000|  0%| F|  |TAMS 0x000000008d200000, 0x000000008d200000| Untracked 
| 109|0x000000008d300000, 0x000000008d300000, 0x000000008d400000|  0%| F|  |TAMS 0x000000008d300000, 0x000000008d300000| Untracked 
| 110|0x000000008d400000, 0x000000008d400000, 0x000000008d500000|  0%| F|  |TAMS 0x000000008d400000, 0x000000008d400000| Untracked 
| 111|0x000000008d500000, 0x000000008d500000, 0x000000008d600000|  0%| F|  |TAMS 0x000000008d500000, 0x000000008d500000| Untracked 
| 112|0x000000008d600000, 0x000000008d600000, 0x000000008d700000|  0%| F|  |TAMS 0x000000008d600000, 0x000000008d600000| Untracked 
| 113|0x000000008d700000, 0x000000008d700000, 0x000000008d800000|  0%| F|  |TAMS 0x000000008d700000, 0x000000008d700000| Untracked 
| 114|0x000000008d800000, 0x000000008d800000, 0x000000008d900000|  0%| F|  |TAMS 0x000000008d800000, 0x000000008d800000| Untracked 
| 115|0x000000008d900000, 0x000000008d900000, 0x000000008da00000|  0%| F|  |TAMS 0x000000008d900000, 0x000000008d900000| Untracked 
| 116|0x000000008da00000, 0x000000008da00000, 0x000000008db00000|  0%| F|  |TAMS 0x000000008da00000, 0x000000008da00000| Untracked 
| 117|0x000000008db00000, 0x000000008db00000, 0x000000008dc00000|  0%| F|  |TAMS 0x000000008db00000, 0x000000008db00000| Untracked 
| 118|0x000000008dc00000, 0x000000008dc00000, 0x000000008dd00000|  0%| F|  |TAMS 0x000000008dc00000, 0x000000008dc00000| Untracked 
| 119|0x000000008dd00000, 0x000000008dd00000, 0x000000008de00000|  0%| F|  |TAMS 0x000000008dd00000, 0x000000008dd00000| Untracked 
| 120|0x000000008de00000, 0x000000008de00000, 0x000000008df00000|  0%| F|  |TAMS 0x000000008de00000, 0x000000008de00000| Untracked 
| 121|0x000000008df00000, 0x000000008df00000, 0x000000008e000000|  0%| F|  |TAMS 0x000000008df00000, 0x000000008df00000| Untracked 
| 122|0x000000008e000000, 0x000000008e000000, 0x000000008e100000|  0%| F|  |TAMS 0x000000008e000000, 0x000000008e000000| Untracked 
| 123|0x000000008e100000, 0x000000008e100000, 0x000000008e200000|  0%| F|  |TAMS 0x000000008e100000, 0x000000008e100000| Untracked 
| 124|0x000000008e200000, 0x000000008e200000, 0x000000008e300000|  0%| F|  |TAMS 0x000000008e200000, 0x000000008e200000| Untracked 
| 125|0x000000008e300000, 0x000000008e38b3c0, 0x000000008e400000| 54%| E|  |TAMS 0x000000008e300000, 0x000000008e300000| Complete 
| 126|0x000000008e400000, 0x000000008e500000, 0x000000008e500000|100%| E|CS|TAMS 0x000000008e400000, 0x000000008e400000| Complete 
| 127|0x000000008e500000, 0x000000008e600000, 0x000000008e600000|100%| E|CS|TAMS 0x000000008e500000, 0x000000008e500000| Complete 
| 128|0x000000008e600000, 0x000000008e700000, 0x000000008e700000|100%| E|CS|TAMS 0x000000008e600000, 0x000000008e600000| Complete 
| 129|0x000000008e700000, 0x000000008e800000, 0x000000008e800000|100%| E|CS|TAMS 0x000000008e700000, 0x000000008e700000| Complete 
| 130|0x000000008e800000, 0x000000008e900000, 0x000000008e900000|100%| E|CS|TAMS 0x000000008e800000, 0x000000008e800000| Complete 
| 131|0x000000008e900000, 0x000000008ea00000, 0x000000008ea00000|100%| E|CS|TAMS 0x000000008e900000, 0x000000008e900000| Complete 
| 132|0x000000008ea00000, 0x000000008eb00000, 0x000000008eb00000|100%| E|CS|TAMS 0x000000008ea00000, 0x000000008ea00000| Complete 
| 133|0x000000008eb00000, 0x000000008ec00000, 0x000000008ec00000|100%| E|CS|TAMS 0x000000008eb00000, 0x000000008eb00000| Complete 
| 134|0x000000008ec00000, 0x000000008ed00000, 0x000000008ed00000|100%| E|CS|TAMS 0x000000008ec00000, 0x000000008ec00000| Complete 
| 135|0x000000008ed00000, 0x000000008ee00000, 0x000000008ee00000|100%| E|CS|TAMS 0x000000008ed00000, 0x000000008ed00000| Complete 
| 136|0x000000008ee00000, 0x000000008ef00000, 0x000000008ef00000|100%| E|CS|TAMS 0x000000008ee00000, 0x000000008ee00000| Complete 
| 137|0x000000008ef00000, 0x000000008f000000, 0x000000008f000000|100%| E|CS|TAMS 0x000000008ef00000, 0x000000008ef00000| Complete 
| 138|0x000000008f000000, 0x000000008f100000, 0x000000008f100000|100%| E|CS|TAMS 0x000000008f000000, 0x000000008f000000| Complete 
| 139|0x000000008f100000, 0x000000008f200000, 0x000000008f200000|100%| E|CS|TAMS 0x000000008f100000, 0x000000008f100000| Complete 
| 140|0x000000008f200000, 0x000000008f300000, 0x000000008f300000|100%| E|CS|TAMS 0x000000008f200000, 0x000000008f200000| Complete 
| 141|0x000000008f300000, 0x000000008f400000, 0x000000008f400000|100%| E|CS|TAMS 0x000000008f300000, 0x000000008f300000| Complete 
| 142|0x000000008f400000, 0x000000008f500000, 0x000000008f500000|100%| E|CS|TAMS 0x000000008f400000, 0x000000008f400000| Complete 
| 143|0x000000008f500000, 0x000000008f600000, 0x000000008f600000|100%| E|CS|TAMS 0x000000008f500000, 0x000000008f500000| Complete 
| 144|0x000000008f600000, 0x000000008f700000, 0x000000008f700000|100%| E|CS|TAMS 0x000000008f600000, 0x000000008f600000| Complete 
| 145|0x000000008f700000, 0x000000008f800000, 0x000000008f800000|100%| E|CS|TAMS 0x000000008f700000, 0x000000008f700000| Complete 
| 146|0x000000008f800000, 0x000000008f900000, 0x000000008f900000|100%| E|CS|TAMS 0x000000008f800000, 0x000000008f800000| Complete 
| 147|0x000000008f900000, 0x000000008fa00000, 0x000000008fa00000|100%| E|CS|TAMS 0x000000008f900000, 0x000000008f900000| Complete 
| 148|0x000000008fa00000, 0x000000008fb00000, 0x000000008fb00000|100%| E|  |TAMS 0x000000008fa00000, 0x000000008fa00000| Complete 
| 149|0x000000008fb00000, 0x000000008fc00000, 0x000000008fc00000|100%| E|CS|TAMS 0x000000008fb00000, 0x000000008fb00000| Complete 
| 150|0x000000008fc00000, 0x000000008fd00000, 0x000000008fd00000|100%| E|CS|TAMS 0x000000008fc00000, 0x000000008fc00000| Complete 
| 151|0x000000008fd00000, 0x000000008fe00000, 0x000000008fe00000|100%| E|CS|TAMS 0x000000008fd00000, 0x000000008fd00000| Complete 
| 152|0x000000008fe00000, 0x000000008ff00000, 0x000000008ff00000|100%| E|CS|TAMS 0x000000008fe00000, 0x000000008fe00000| Complete 
| 153|0x000000008ff00000, 0x0000000090000000, 0x0000000090000000|100%| E|CS|TAMS 0x000000008ff00000, 0x000000008ff00000| Complete 
| 154|0x0000000090000000, 0x0000000090100000, 0x0000000090100000|100%| E|CS|TAMS 0x0000000090000000, 0x0000000090000000| Complete 
| 155|0x0000000090100000, 0x0000000090200000, 0x0000000090200000|100%| E|CS|TAMS 0x0000000090100000, 0x0000000090100000| Complete 
| 156|0x0000000090200000, 0x0000000090300000, 0x0000000090300000|100%| E|CS|TAMS 0x0000000090200000, 0x0000000090200000| Complete 
| 157|0x0000000090300000, 0x0000000090400000, 0x0000000090400000|100%| E|CS|TAMS 0x0000000090300000, 0x0000000090300000| Complete 
| 158|0x0000000090400000, 0x0000000090500000, 0x0000000090500000|100%| E|CS|TAMS 0x0000000090400000, 0x0000000090400000| Complete 
| 159|0x0000000090500000, 0x0000000090600000, 0x0000000090600000|100%| E|CS|TAMS 0x0000000090500000, 0x0000000090500000| Complete 
| 160|0x0000000090600000, 0x0000000090700000, 0x0000000090700000|100%| E|CS|TAMS 0x0000000090600000, 0x0000000090600000| Complete 
| 161|0x0000000090700000, 0x0000000090800000, 0x0000000090800000|100%| E|CS|TAMS 0x0000000090700000, 0x0000000090700000| Complete 
| 162|0x0000000090800000, 0x0000000090900000, 0x0000000090900000|100%| E|CS|TAMS 0x0000000090800000, 0x0000000090800000| Complete 
| 163|0x0000000090900000, 0x0000000090a00000, 0x0000000090a00000|100%| E|CS|TAMS 0x0000000090900000, 0x0000000090900000| Complete 
| 164|0x0000000090a00000, 0x0000000090b00000, 0x0000000090b00000|100%| E|CS|TAMS 0x0000000090a00000, 0x0000000090a00000| Complete 
| 165|0x0000000090b00000, 0x0000000090c00000, 0x0000000090c00000|100%| E|CS|TAMS 0x0000000090b00000, 0x0000000090b00000| Complete 
| 166|0x0000000090c00000, 0x0000000090d00000, 0x0000000090d00000|100%| E|CS|TAMS 0x0000000090c00000, 0x0000000090c00000| Complete 
| 167|0x0000000090d00000, 0x0000000090e00000, 0x0000000090e00000|100%| E|CS|TAMS 0x0000000090d00000, 0x0000000090d00000| Complete 
| 168|0x0000000090e00000, 0x0000000090f00000, 0x0000000090f00000|100%| E|CS|TAMS 0x0000000090e00000, 0x0000000090e00000| Complete 
| 169|0x0000000090f00000, 0x0000000091000000, 0x0000000091000000|100%| E|CS|TAMS 0x0000000090f00000, 0x0000000090f00000| Complete 
| 170|0x0000000091000000, 0x0000000091100000, 0x0000000091100000|100%| E|CS|TAMS 0x0000000091000000, 0x0000000091000000| Complete 
| 171|0x0000000091100000, 0x0000000091200000, 0x0000000091200000|100%| E|CS|TAMS 0x0000000091100000, 0x0000000091100000| Complete 
| 172|0x0000000091200000, 0x0000000091300000, 0x0000000091300000|100%| E|CS|TAMS 0x0000000091200000, 0x0000000091200000| Complete 
| 173|0x0000000091300000, 0x0000000091400000, 0x0000000091400000|100%| E|CS|TAMS 0x0000000091300000, 0x0000000091300000| Complete 
| 174|0x0000000091400000, 0x0000000091500000, 0x0000000091500000|100%| E|CS|TAMS 0x0000000091400000, 0x0000000091400000| Complete 
| 175|0x0000000091500000, 0x0000000091600000, 0x0000000091600000|100%| E|CS|TAMS 0x0000000091500000, 0x0000000091500000| Complete 
| 176|0x0000000091600000, 0x0000000091700000, 0x0000000091700000|100%| E|CS|TAMS 0x0000000091600000, 0x0000000091600000| Complete 
| 177|0x0000000091700000, 0x0000000091800000, 0x0000000091800000|100%| E|CS|TAMS 0x0000000091700000, 0x0000000091700000| Complete 
| 178|0x0000000091800000, 0x0000000091900000, 0x0000000091900000|100%| E|CS|TAMS 0x0000000091800000, 0x0000000091800000| Complete 
| 179|0x0000000091900000, 0x0000000091a00000, 0x0000000091a00000|100%| E|CS|TAMS 0x0000000091900000, 0x0000000091900000| Complete 
| 180|0x0000000091a00000, 0x0000000091b00000, 0x0000000091b00000|100%| E|CS|TAMS 0x0000000091a00000, 0x0000000091a00000| Complete 
| 181|0x0000000091b00000, 0x0000000091c00000, 0x0000000091c00000|100%| E|CS|TAMS 0x0000000091b00000, 0x0000000091b00000| Complete 
| 182|0x0000000091c00000, 0x0000000091d00000, 0x0000000091d00000|100%| E|CS|TAMS 0x0000000091c00000, 0x0000000091c00000| Complete 
| 183|0x0000000091d00000, 0x0000000091e00000, 0x0000000091e00000|100%| E|CS|TAMS 0x0000000091d00000, 0x0000000091d00000| Complete 
| 184|0x0000000091e00000, 0x0000000091f00000, 0x0000000091f00000|100%| E|CS|TAMS 0x0000000091e00000, 0x0000000091e00000| Complete 
| 185|0x0000000091f00000, 0x0000000092000000, 0x0000000092000000|100%| E|CS|TAMS 0x0000000091f00000, 0x0000000091f00000| Complete 
| 186|0x0000000092000000, 0x0000000092100000, 0x0000000092100000|100%| E|CS|TAMS 0x0000000092000000, 0x0000000092000000| Complete 
| 187|0x0000000092100000, 0x0000000092200000, 0x0000000092200000|100%| E|CS|TAMS 0x0000000092100000, 0x0000000092100000| Complete 
| 188|0x0000000092200000, 0x0000000092300000, 0x0000000092300000|100%| E|CS|TAMS 0x0000000092200000, 0x0000000092200000| Complete 
| 189|0x0000000092300000, 0x0000000092400000, 0x0000000092400000|100%| E|CS|TAMS 0x0000000092300000, 0x0000000092300000| Complete 
| 190|0x0000000092400000, 0x0000000092500000, 0x0000000092500000|100%| E|CS|TAMS 0x0000000092400000, 0x0000000092400000| Complete 
| 191|0x0000000092500000, 0x0000000092600000, 0x0000000092600000|100%| E|CS|TAMS 0x0000000092500000, 0x0000000092500000| Complete 
| 192|0x0000000092600000, 0x0000000092700000, 0x0000000092700000|100%| E|CS|TAMS 0x0000000092600000, 0x0000000092600000| Complete 
| 193|0x0000000092700000, 0x0000000092800000, 0x0000000092800000|100%| E|CS|TAMS 0x0000000092700000, 0x0000000092700000| Complete 
| 194|0x0000000092800000, 0x0000000092900000, 0x0000000092900000|100%| E|CS|TAMS 0x0000000092800000, 0x0000000092800000| Complete 
| 195|0x0000000092900000, 0x0000000092a00000, 0x0000000092a00000|100%| E|CS|TAMS 0x0000000092900000, 0x0000000092900000| Complete 
| 196|0x0000000092a00000, 0x0000000092b00000, 0x0000000092b00000|100%| E|CS|TAMS 0x0000000092a00000, 0x0000000092a00000| Complete 
| 197|0x0000000092b00000, 0x0000000092c00000, 0x0000000092c00000|100%| E|CS|TAMS 0x0000000092b00000, 0x0000000092b00000| Complete 
| 198|0x0000000092c00000, 0x0000000092d00000, 0x0000000092d00000|100%| E|CS|TAMS 0x0000000092c00000, 0x0000000092c00000| Complete 
| 199|0x0000000092d00000, 0x0000000092e00000, 0x0000000092e00000|100%| E|CS|TAMS 0x0000000092d00000, 0x0000000092d00000| Complete 
| 200|0x0000000092e00000, 0x0000000092f00000, 0x0000000092f00000|100%| E|CS|TAMS 0x0000000092e00000, 0x0000000092e00000| Complete 
| 201|0x0000000092f00000, 0x0000000093000000, 0x0000000093000000|100%| E|CS|TAMS 0x0000000092f00000, 0x0000000092f00000| Complete 
| 202|0x0000000093000000, 0x0000000093100000, 0x0000000093100000|100%| E|CS|TAMS 0x0000000093000000, 0x0000000093000000| Complete 
| 203|0x0000000093100000, 0x0000000093200000, 0x0000000093200000|100%| E|CS|TAMS 0x0000000093100000, 0x0000000093100000| Complete 
| 204|0x0000000093200000, 0x0000000093300000, 0x0000000093300000|100%| E|CS|TAMS 0x0000000093200000, 0x0000000093200000| Complete 
| 205|0x0000000093300000, 0x0000000093400000, 0x0000000093400000|100%| E|CS|TAMS 0x0000000093300000, 0x0000000093300000| Complete 
| 206|0x0000000093400000, 0x0000000093500000, 0x0000000093500000|100%| E|CS|TAMS 0x0000000093400000, 0x0000000093400000| Complete 
| 207|0x0000000093500000, 0x0000000093600000, 0x0000000093600000|100%| E|CS|TAMS 0x0000000093500000, 0x0000000093500000| Complete 
| 208|0x0000000093600000, 0x0000000093700000, 0x0000000093700000|100%| E|CS|TAMS 0x0000000093600000, 0x0000000093600000| Complete 
| 209|0x0000000093700000, 0x0000000093800000, 0x0000000093800000|100%| E|CS|TAMS 0x0000000093700000, 0x0000000093700000| Complete 
| 210|0x0000000093800000, 0x0000000093900000, 0x0000000093900000|100%| E|CS|TAMS 0x0000000093800000, 0x0000000093800000| Complete 
| 211|0x0000000093900000, 0x0000000093a00000, 0x0000000093a00000|100%| E|CS|TAMS 0x0000000093900000, 0x0000000093900000| Complete 
| 212|0x0000000093a00000, 0x0000000093b00000, 0x0000000093b00000|100%| E|CS|TAMS 0x0000000093a00000, 0x0000000093a00000| Complete 
| 213|0x0000000093b00000, 0x0000000093c00000, 0x0000000093c00000|100%| E|CS|TAMS 0x0000000093b00000, 0x0000000093b00000| Complete 
| 214|0x0000000093c00000, 0x0000000093d00000, 0x0000000093d00000|100%| E|CS|TAMS 0x0000000093c00000, 0x0000000093c00000| Complete 
| 215|0x0000000093d00000, 0x0000000093e00000, 0x0000000093e00000|100%| E|CS|TAMS 0x0000000093d00000, 0x0000000093d00000| Complete 
| 216|0x0000000093e00000, 0x0000000093f00000, 0x0000000093f00000|100%| E|CS|TAMS 0x0000000093e00000, 0x0000000093e00000| Complete 
| 217|0x0000000093f00000, 0x0000000094000000, 0x0000000094000000|100%| E|CS|TAMS 0x0000000093f00000, 0x0000000093f00000| Complete 
| 218|0x0000000094000000, 0x0000000094100000, 0x0000000094100000|100%| E|CS|TAMS 0x0000000094000000, 0x0000000094000000| Complete 
| 219|0x0000000094100000, 0x0000000094200000, 0x0000000094200000|100%| E|CS|TAMS 0x0000000094100000, 0x0000000094100000| Complete 
| 220|0x0000000094200000, 0x0000000094300000, 0x0000000094300000|100%| E|CS|TAMS 0x0000000094200000, 0x0000000094200000| Complete 
| 221|0x0000000094300000, 0x0000000094400000, 0x0000000094400000|100%| E|CS|TAMS 0x0000000094300000, 0x0000000094300000| Complete 
| 222|0x0000000094400000, 0x0000000094500000, 0x0000000094500000|100%| E|CS|TAMS 0x0000000094400000, 0x0000000094400000| Complete 
| 223|0x0000000094500000, 0x0000000094600000, 0x0000000094600000|100%| E|CS|TAMS 0x0000000094500000, 0x0000000094500000| Complete 
| 224|0x0000000094600000, 0x0000000094700000, 0x0000000094700000|100%| E|CS|TAMS 0x0000000094600000, 0x0000000094600000| Complete 
| 225|0x0000000094700000, 0x0000000094800000, 0x0000000094800000|100%| E|CS|TAMS 0x0000000094700000, 0x0000000094700000| Complete 
| 226|0x0000000094800000, 0x0000000094900000, 0x0000000094900000|100%| E|CS|TAMS 0x0000000094800000, 0x0000000094800000| Complete 
| 227|0x0000000094900000, 0x0000000094a00000, 0x0000000094a00000|100%| E|CS|TAMS 0x0000000094900000, 0x0000000094900000| Complete 
| 228|0x0000000094a00000, 0x0000000094b00000, 0x0000000094b00000|100%| E|CS|TAMS 0x0000000094a00000, 0x0000000094a00000| Complete 
| 229|0x0000000094b00000, 0x0000000094c00000, 0x0000000094c00000|100%| E|CS|TAMS 0x0000000094b00000, 0x0000000094b00000| Complete 
| 230|0x0000000094c00000, 0x0000000094d00000, 0x0000000094d00000|100%| E|CS|TAMS 0x0000000094c00000, 0x0000000094c00000| Complete 
| 231|0x0000000094d00000, 0x0000000094e00000, 0x0000000094e00000|100%| E|CS|TAMS 0x0000000094d00000, 0x0000000094d00000| Complete 
| 232|0x0000000094e00000, 0x0000000094f00000, 0x0000000094f00000|100%| E|CS|TAMS 0x0000000094e00000, 0x0000000094e00000| Complete 
| 233|0x0000000094f00000, 0x0000000095000000, 0x0000000095000000|100%| E|CS|TAMS 0x0000000094f00000, 0x0000000094f00000| Complete 
| 234|0x0000000095000000, 0x0000000095043be0, 0x0000000095100000| 26%| S|CS|TAMS 0x0000000095000000, 0x0000000095000000| Complete 
| 235|0x0000000095100000, 0x0000000095200000, 0x0000000095200000|100%| S|CS|TAMS 0x0000000095100000, 0x0000000095100000| Complete 
| 236|0x0000000095200000, 0x0000000095300000, 0x0000000095300000|100%| S|CS|TAMS 0x0000000095200000, 0x0000000095200000| Complete 
| 237|0x0000000095300000, 0x0000000095400000, 0x0000000095400000|100%| S|CS|TAMS 0x0000000095300000, 0x0000000095300000| Complete 
| 238|0x0000000095400000, 0x0000000095500000, 0x0000000095500000|100%| S|CS|TAMS 0x0000000095400000, 0x0000000095400000| Complete 
| 239|0x0000000095500000, 0x0000000095600000, 0x0000000095600000|100%| S|CS|TAMS 0x0000000095500000, 0x0000000095500000| Complete 
| 240|0x0000000095600000, 0x0000000095700000, 0x0000000095700000|100%| S|CS|TAMS 0x0000000095600000, 0x0000000095600000| Complete 
| 241|0x0000000095700000, 0x0000000095800000, 0x0000000095800000|100%| S|CS|TAMS 0x0000000095700000, 0x0000000095700000| Complete 
| 242|0x0000000095800000, 0x0000000095900000, 0x0000000095900000|100%| S|CS|TAMS 0x0000000095800000, 0x0000000095800000| Complete 
| 243|0x0000000095900000, 0x0000000095a00000, 0x0000000095a00000|100%| S|CS|TAMS 0x0000000095900000, 0x0000000095900000| Complete 
| 244|0x0000000095a00000, 0x0000000095b00000, 0x0000000095b00000|100%| S|CS|TAMS 0x0000000095a00000, 0x0000000095a00000| Complete 
| 245|0x0000000095b00000, 0x0000000095c00000, 0x0000000095c00000|100%| S|CS|TAMS 0x0000000095b00000, 0x0000000095b00000| Complete 
| 246|0x0000000095c00000, 0x0000000095d00000, 0x0000000095d00000|100%| E|CS|TAMS 0x0000000095c00000, 0x0000000095c00000| Complete 
| 247|0x0000000095d00000, 0x0000000095e00000, 0x0000000095e00000|100%| E|CS|TAMS 0x0000000095d00000, 0x0000000095d00000| Complete 
| 248|0x0000000095e00000, 0x0000000095f00000, 0x0000000095f00000|100%| E|CS|TAMS 0x0000000095e00000, 0x0000000095e00000| Complete 
| 249|0x0000000095f00000, 0x0000000096000000, 0x0000000096000000|100%| E|CS|TAMS 0x0000000095f00000, 0x0000000095f00000| Complete 
| 250|0x0000000096000000, 0x0000000096100000, 0x0000000096100000|100%| E|CS|TAMS 0x0000000096000000, 0x0000000096000000| Complete 
| 251|0x0000000096100000, 0x0000000096200000, 0x0000000096200000|100%| E|CS|TAMS 0x0000000096100000, 0x0000000096100000| Complete 
| 252|0x0000000096200000, 0x0000000096300000, 0x0000000096300000|100%| E|CS|TAMS 0x0000000096200000, 0x0000000096200000| Complete 
| 253|0x0000000096300000, 0x0000000096400000, 0x0000000096400000|100%| E|CS|TAMS 0x0000000096300000, 0x0000000096300000| Complete 
| 254|0x0000000096400000, 0x0000000096500000, 0x0000000096500000|100%| E|CS|TAMS 0x0000000096400000, 0x0000000096400000| Complete 
| 255|0x0000000096500000, 0x0000000096600000, 0x0000000096600000|100%| E|CS|TAMS 0x0000000096500000, 0x0000000096500000| Complete 
| 256|0x0000000096600000, 0x0000000096700000, 0x0000000096700000|100%| E|CS|TAMS 0x0000000096600000, 0x0000000096600000| Complete 
| 257|0x0000000096700000, 0x0000000096800000, 0x0000000096800000|100%| E|CS|TAMS 0x0000000096700000, 0x0000000096700000| Complete 
| 258|0x0000000096800000, 0x0000000096900000, 0x0000000096900000|100%| E|CS|TAMS 0x0000000096800000, 0x0000000096800000| Complete 
| 259|0x0000000096900000, 0x0000000096a00000, 0x0000000096a00000|100%| E|CS|TAMS 0x0000000096900000, 0x0000000096900000| Complete 
| 260|0x0000000096a00000, 0x0000000096b00000, 0x0000000096b00000|100%| E|CS|TAMS 0x0000000096a00000, 0x0000000096a00000| Complete 
| 261|0x0000000096b00000, 0x0000000096c00000, 0x0000000096c00000|100%| E|CS|TAMS 0x0000000096b00000, 0x0000000096b00000| Complete 
| 262|0x0000000096c00000, 0x0000000096d00000, 0x0000000096d00000|100%| E|CS|TAMS 0x0000000096c00000, 0x0000000096c00000| Complete 

Card table byte_map: [0x000001e07f360000,0x000001e07f730000] _byte_map_base: 0x000001e07ef2d000

Marking Bits (Prev, Next): (CMBitMap*) 0x000001e07ebd6348, (CMBitMap*) 0x000001e07ebd6380
 Prev Bits: [0x000001e0186c0000, 0x000001e01a528000)
 Next Bits: [0x000001e01a530000, 0x000001e01c398000)

Polling page: 0x000001e07e360000

Metaspace:

Usage:
  Non-class:     92.07 MB capacity,    90.48 MB ( 98%) used,     1.26 MB (  1%) free+waste,   344.19 KB ( <1%) overhead. 
      Class:     14.97 MB capacity,    13.95 MB ( 93%) used,   888.75 KB (  6%) free+waste,   160.25 KB (  1%) overhead. 
       Both:    107.05 MB capacity,   104.43 MB ( 98%) used,     2.13 MB (  2%) free+waste,   504.44 KB ( <1%) overhead. 

Virtual space:
  Non-class space:       94.00 MB reserved,      92.17 MB ( 98%) committed 
      Class space:        1.00 GB reserved,      15.09 MB (  1%) committed 
             Both:        1.09 GB reserved,     107.26 MB ( 10%) committed 

Chunk freelists:
   Non-Class:  33.00 KB
       Class:  0 bytes
        Both:  33.00 KB

MaxMetaspaceSize: 17179869184.00 GB
CompressedClassSpaceSize: 1.00 GB
Initial GC threshold: 20.80 MB
Current GC threshold: 164.39 MB
CDS: on

CodeHeap 'non-profiled nmethods': size=238336Kb used=20165Kb max_used=20165Kb free=218170Kb
 bounds [0x000001e009e00000, 0x000001e00b1c0000, 0x000001e0186c0000]
CodeHeap 'non-nmethods': size=7424Kb used=1663Kb max_used=1663Kb free=5761Kb
 bounds [0x000001e0096c0000, 0x000001e009930000, 0x000001e009e00000]
 total_blobs=12816 nmethods=11874 adapters=873
 compilation: enabled
              stopped_count=0, restarted_count=0
 full_count=0

JVMCI Events (3 events):
Event: 0.026 Thread 0x000001e07eb94800 created new JVMCI runtime 0 (0x000001e01e7f9150)
Event: 79.396 Thread 0x000001e02354b800 initializing JVMCI runtime 0
Event: 79.408 Thread 0x000001e02354b800 initialized JVMCI runtime 0

Compilation events (20 events):
Event: 1850.006 Thread 0x000001e01e991800 11864   !   1       org.hibernate.internal.AbstractSharedSessionContract::close (134 bytes)
Event: 1850.007 Thread 0x000001e01e991800 nmethod 11864 0x000001e00b1a8810 code [0x000001e00b1a8a60, 0x000001e00b1a8f68]
Event: 1850.007 Thread 0x000001e01e991800 11865       1       org.hibernate.engine.internal.SessionEventListenerManagerImpl::end (42 bytes)
Event: 1850.007 Thread 0x000001e01e991800 nmethod 11865 0x000001e00b1a9310 code [0x000001e00b1a94c0, 0x000001e00b1a9668]
Event: 1854.816 Thread 0x000001e01e991800 11867   !   1       java.util.concurrent.LinkedBlockingQueue::offer (131 bytes)
Event: 1854.820 Thread 0x000001e01e991800 nmethod 11867 0x000001e00b1a9790 code [0x000001e00b1a9a80, 0x000001e00b1aa398]
Event: 1854.821 Thread 0x000001e01e991800 11868       1       org.hibernate.internal.SessionImpl::<init> (284 bytes)
Event: 1854.825 Thread 0x000001e01e991800 nmethod 11868 0x000001e00b1aac90 code [0x000001e00b1ab020, 0x000001e00b1ac278]
Event: 1854.825 Thread 0x000001e01e991800 11869       1       org.hibernate.internal.AbstractSharedSessionContract::<init> (490 bytes)
Event: 1854.833 Thread 0x000001e01e991800 nmethod 11869 0x000001e00b1acb10 code [0x000001e00b1acfa0, 0x000001e00b1aea88]
Event: 1854.833 Thread 0x000001e01e991800 11870   !   1       org.hibernate.internal.SessionFactoryImpl::configuredInterceptor (123 bytes)
Event: 1854.834 Thread 0x000001e01e991800 nmethod 11870 0x000001e00b1af490 code [0x000001e00b1af6c0, 0x000001e00b1afba8]
Event: 1854.834 Thread 0x000001e01e991800 11871       1       org.hibernate.internal.JdbcSessionContextImpl::<init> (69 bytes)
Event: 1854.836 Thread 0x000001e01e991800 nmethod 11871 0x000001e00b1afe90 code [0x000001e00b1b00a0, 0x000001e00b1b0678]
Event: 1854.836 Thread 0x000001e01e991800 11872       1       org.hibernate.resource.jdbc.internal.ResourceRegistryStandardImpl::<init> (21 bytes)
Event: 1854.837 Thread 0x000001e01e991800 nmethod 11872 0x000001e00b1b0890 code [0x000001e00b1b0a40, 0x000001e00b1b0c38]
Event: 1854.837 Thread 0x000001e01e991800 11873       1       org.hibernate.resource.jdbc.internal.LogicalConnectionManagedImpl::determineConnectionHandlingMode (25 bytes)
Event: 1854.838 Thread 0x000001e01e991800 nmethod 11873 0x000001e00b1b0d10 code [0x000001e00b1b0ec0, 0x000001e00b1b1008]
Event: 1854.838 Thread 0x000001e01e991800 11874       1       org.hibernate.internal.JdbcSessionContextImpl::doesConnectionProviderDisableAutoCommit (10 bytes)
Event: 1854.838 Thread 0x000001e01e991800 nmethod 11874 0x000001e00b1b1110 code [0x000001e00b1b12c0, 0x000001e00b1b13f8]

GC Heap History (20 events):
Event: 6.134 GC heap before
{Heap before GC invocations=10 (full 0):
 garbage-first heap   total 150528K, used 103826K [0x0000000086600000, 0x0000000100000000)
  region size 1024K, 88 young (90112K), 6 survivors (6144K)
 Metaspace       used 43334K, capacity 44786K, committed 45056K, reserved 1087488K
  class space    used 5962K, capacity 6536K, committed 6656K, reserved 1048576K
}
Event: 6.148 GC heap after
{Heap after GC invocations=11 (full 0):
 garbage-first heap   total 224256K, used 22496K [0x0000000086600000, 0x0000000100000000)
  region size 1024K, 9 young (9216K), 9 survivors (9216K)
 Metaspace       used 43334K, capacity 44786K, committed 45056K, reserved 1087488K
  class space    used 5962K, capacity 6536K, committed 6656K, reserved 1048576K
}
Event: 7.128 GC heap before
{Heap before GC invocations=11 (full 0):
 garbage-first heap   total 224256K, used 131040K [0x0000000086600000, 0x0000000100000000)
  region size 1024K, 115 young (117760K), 9 survivors (9216K)
 Metaspace       used 49829K, capacity 51349K, committed 51712K, reserved 1093632K
  class space    used 6957K, capacity 7554K, committed 7680K, reserved 1048576K
}
Event: 7.140 GC heap after
{Heap after GC invocations=12 (full 0):
 garbage-first heap   total 224256K, used 25403K [0x0000000086600000, 0x0000000100000000)
  region size 1024K, 9 young (9216K), 9 survivors (9216K)
 Metaspace       used 49829K, capacity 51349K, committed 51712K, reserved 1093632K
  class space    used 6957K, capacity 7554K, committed 7680K, reserved 1048576K
}
Event: 8.301 GC heap before
{Heap before GC invocations=12 (full 0):
 garbage-first heap   total 224256K, used 150331K [0x0000000086600000, 0x0000000100000000)
  region size 1024K, 131 young (134144K), 9 survivors (9216K)
 Metaspace       used 55293K, capacity 57057K, committed 57344K, reserved 1097728K
  class space    used 7691K, capacity 8404K, committed 8448K, reserved 1048576K
}
Event: 8.323 GC heap after
{Heap after GC invocations=13 (full 0):
 garbage-first heap   total 224256K, used 27993K [0x0000000086600000, 0x0000000100000000)
  region size 1024K, 11 young (11264K), 11 survivors (11264K)
 Metaspace       used 55293K, capacity 57057K, committed 57344K, reserved 1097728K
  class space    used 7691K, capacity 8404K, committed 8448K, reserved 1048576K
}
Event: 9.093 GC heap before
{Heap before GC invocations=13 (full 0):
 garbage-first heap   total 224256K, used 150873K [0x0000000086600000, 0x0000000100000000)
  region size 1024K, 131 young (134144K), 11 survivors (11264K)
 Metaspace       used 56078K, capacity 57920K, committed 58240K, reserved 1099776K
  class space    used 7758K, capacity 8497K, committed 8576K, reserved 1048576K
}
Event: 9.112 GC heap after
{Heap after GC invocations=14 (full 0):
 garbage-first heap   total 224256K, used 30829K [0x0000000086600000, 0x0000000100000000)
  region size 1024K, 12 young (12288K), 12 survivors (12288K)
 Metaspace       used 56078K, capacity 57920K, committed 58240K, reserved 1099776K
  class space    used 7758K, capacity 8497K, committed 8576K, reserved 1048576K
}
Event: 9.644 GC heap before
{Heap before GC invocations=14 (full 0):
 garbage-first heap   total 224256K, used 98413K [0x0000000086600000, 0x0000000100000000)
  region size 1024K, 79 young (80896K), 12 survivors (12288K)
 Metaspace       used 57926K, capacity 59752K, committed 59948K, reserved 1099776K
  class space    used 8014K, capacity 8743K, committed 8832K, reserved 1048576K
}
Event: 9.659 GC heap after
{Heap after GC invocations=15 (full 0):
 garbage-first heap   total 224256K, used 32586K [0x0000000086600000, 0x0000000100000000)
  region size 1024K, 11 young (11264K), 11 survivors (11264K)
 Metaspace       used 57926K, capacity 59752K, committed 59948K, reserved 1099776K
  class space    used 8014K, capacity 8743K, committed 8832K, reserved 1048576K
}
Event: 10.664 GC heap before
{Heap before GC invocations=16 (full 0):
 garbage-first heap   total 224256K, used 155466K [0x0000000086600000, 0x0000000100000000)
  region size 1024K, 131 young (134144K), 11 survivors (11264K)
 Metaspace       used 61615K, capacity 63701K, committed 63788K, reserved 1103872K
  class space    used 8532K, capacity 9329K, committed 9344K, reserved 1048576K
}
Event: 10.688 GC heap after
{Heap after GC invocations=17 (full 0):
 garbage-first heap   total 269312K, used 45366K [0x0000000086600000, 0x0000000100000000)
  region size 1024K, 17 young (17408K), 17 survivors (17408K)
 Metaspace       used 61615K, capacity 63701K, committed 63788K, reserved 1103872K
  class space    used 8532K, capacity 9329K, committed 9344K, reserved 1048576K
}
Event: 14.819 GC heap before
{Heap before GC invocations=17 (full 0):
 garbage-first heap   total 269312K, used 188726K [0x0000000086600000, 0x0000000100000000)
  region size 1024K, 157 young (160768K), 17 survivors (17408K)
 Metaspace       used 65064K, capacity 67205K, committed 67372K, reserved 1107968K
  class space    used 8988K, capacity 9812K, committed 9856K, reserved 1048576K
}
Event: 14.847 GC heap after
{Heap after GC invocations=18 (full 0):
 garbage-first heap   total 269312K, used 47090K [0x0000000086600000, 0x0000000100000000)
  region size 1024K, 12 young (12288K), 12 survivors (12288K)
 Metaspace       used 65064K, capacity 67205K, committed 67372K, reserved 1107968K
  class space    used 8988K, capacity 9812K, committed 9856K, reserved 1048576K
}
Event: 79.862 GC heap before
{Heap before GC invocations=18 (full 0):
 garbage-first heap   total 269312K, used 196594K [0x0000000086600000, 0x0000000100000000)
  region size 1024K, 157 young (160768K), 12 survivors (12288K)
 Metaspace       used 78962K, capacity 81239K, committed 81324K, reserved 1120256K
  class space    used 10543K, capacity 11453K, committed 11520K, reserved 1048576K
}
Event: 79.885 GC heap after
{Heap after GC invocations=19 (full 0):
 garbage-first heap   total 269312K, used 56320K [0x0000000086600000, 0x0000000100000000)
  region size 1024K, 9 young (9216K), 9 survivors (9216K)
 Metaspace       used 78962K, capacity 81239K, committed 81324K, reserved 1120256K
  class space    used 10543K, capacity 11453K, committed 11520K, reserved 1048576K
}
Event: 80.690 GC heap before
{Heap before GC invocations=19 (full 0):
 garbage-first heap   total 269312K, used 206848K [0x0000000086600000, 0x0000000100000000)
  region size 1024K, 157 young (160768K), 9 survivors (9216K)
 Metaspace       used 96084K, capacity 98611K, committed 98732K, reserved 1134592K
  class space    used 12781K, capacity 13778K, committed 13824K, reserved 1048576K
}
Event: 80.704 GC heap after
{Heap after GC invocations=20 (full 0):
 garbage-first heap   total 269312K, used 59829K [0x0000000086600000, 0x0000000100000000)
  region size 1024K, 13 young (13312K), 13 survivors (13312K)
 Metaspace       used 96084K, capacity 98611K, committed 98732K, reserved 1134592K
  class space    used 12781K, capacity 13778K, committed 13824K, reserved 1048576K
}
Event: 80.807 GC heap before
{Heap before GC invocations=20 (full 0):
 garbage-first heap   total 269312K, used 76213K [0x0000000086600000, 0x0000000100000000)
  region size 1024K, 30 young (30720K), 13 survivors (13312K)
 Metaspace       used 97753K, capacity 100204K, committed 100268K, reserved 1136640K
  class space    used 13078K, capacity 14075K, committed 14080K, reserved 1048576K
}
Event: 80.823 GC heap after
{Heap after GC invocations=21 (full 0):
 garbage-first heap   total 269312K, used 60686K [0x0000000086600000, 0x0000000100000000)
  region size 1024K, 12 young (12288K), 12 survivors (12288K)
 Metaspace       used 97753K, capacity 100204K, committed 100268K, reserved 1136640K
  class space    used 13078K, capacity 14075K, committed 14080K, reserved 1048576K
}

Deoptimization events (20 events):
Event: 1849.973 Thread 0x000001e023569800 DEOPT PACKING pc=0x000001e00a5b92b1 sp=0x0000002ea08fe2f0
Event: 1849.973 Thread 0x000001e023569800 DEOPT UNPACKING pc=0x000001e0097075b1 sp=0x0000002ea08fd7a8 mode 1
Event: 1849.974 Thread 0x000001e023569800 DEOPT PACKING pc=0x000001e00a5c4244 sp=0x0000002ea08fe270
Event: 1849.974 Thread 0x000001e023569800 DEOPT UNPACKING pc=0x000001e0097075b1 sp=0x0000002ea08fd768 mode 1
Event: 1849.974 Thread 0x000001e023569800 DEOPT PACKING pc=0x000001e00a5c34c4 sp=0x0000002ea08fe3d0
Event: 1849.974 Thread 0x000001e023569800 DEOPT UNPACKING pc=0x000001e0097075b1 sp=0x0000002ea08fd8a8 mode 1
Event: 1849.974 Thread 0x000001e023569800 DEOPT PACKING pc=0x000001e00ac2e28c sp=0x0000002ea08fdfe0
Event: 1849.974 Thread 0x000001e023569800 DEOPT UNPACKING pc=0x000001e0097075b1 sp=0x0000002ea08fd580 mode 1
Event: 1849.974 Thread 0x000001e023569800 DEOPT PACKING pc=0x000001e00aba4da4 sp=0x0000002ea08fe180
Event: 1849.974 Thread 0x000001e023569800 DEOPT UNPACKING pc=0x000001e0097075b1 sp=0x0000002ea08fd6f0 mode 1
Event: 1849.974 Thread 0x000001e023569800 DEOPT PACKING pc=0x000001e00aba271c sp=0x0000002ea08fe2c0
Event: 1849.974 Thread 0x000001e023569800 DEOPT UNPACKING pc=0x000001e0097075b1 sp=0x0000002ea08fd7c0 mode 1
Event: 1850.003 Thread 0x000001e02356b000 DEOPT PACKING pc=0x000001e00ac2e28c sp=0x0000002ea20fd780
Event: 1850.003 Thread 0x000001e02356b000 DEOPT UNPACKING pc=0x000001e0097075b1 sp=0x0000002ea20fcd20 mode 1
Event: 1850.003 Thread 0x000001e02356b000 DEOPT PACKING pc=0x000001e00aba4da4 sp=0x0000002ea20fd920
Event: 1850.003 Thread 0x000001e02356b000 DEOPT UNPACKING pc=0x000001e0097075b1 sp=0x0000002ea20fce90 mode 1
Event: 1850.003 Thread 0x000001e02356b000 DEOPT PACKING pc=0x000001e00aba271c sp=0x0000002ea20fda60
Event: 1850.003 Thread 0x000001e02356b000 DEOPT UNPACKING pc=0x000001e0097075b1 sp=0x0000002ea20fcf60 mode 1
Event: 1850.006 Thread 0x000001e02356b000 DEOPT PACKING pc=0x000001e00a5b92b1 sp=0x0000002ea20fd8e0
Event: 1850.006 Thread 0x000001e02356b000 DEOPT UNPACKING pc=0x000001e0097075b1 sp=0x0000002ea20fcd98 mode 1

Classes redefined (8 events):
Event: 435.530 Thread 0x000001e01e961800 redefined class name=com.miyake.demo.TestRestController, count=1
Event: 435.578 Thread 0x000001e01e961800 redefined class name=com.miyake.demo.TestRestController$AutoName, count=1
Event: 531.952 Thread 0x000001e01e961800 redefined class name=com.miyake.demo.TestRestController, count=2
Event: 532.001 Thread 0x000001e01e961800 redefined class name=com.miyake.demo.TestRestController$AutoName, count=2
Event: 1721.029 Thread 0x000001e01e961800 redefined class name=com.miyake.demo.TestRestController, count=3
Event: 1721.079 Thread 0x000001e01e961800 redefined class name=com.miyake.demo.TestRestController$AutoName, count=3
Event: 1849.759 Thread 0x000001e01e961800 redefined class name=com.miyake.demo.TestRestController, count=4
Event: 1849.803 Thread 0x000001e01e961800 redefined class name=com.miyake.demo.TestRestController$AutoName, count=4

Internal exceptions (20 events):
Event: 80.536 Thread 0x000001e02354b800 Exception <a 'java/lang/NoSuchMethodError'{0x000000008f587b68}: 'java.lang.Object java.lang.invoke.DirectMethodHandle$Holder.invokeStatic(java.lang.Object, int, int, int, int, int)'> (0x000000008f587b68) thrown at [./src/hotspot/share/interpreter/linkResolver.cpp, line 773]
Event: 116.224 Thread 0x000001e02354b800 Exception <a 'java/lang/ClassNotFoundException'{0x0000000091b3df38}: java/lang/ObjectCustomizer> (0x0000000091b3df38) thrown at [./src/hotspot/share/classfile/systemDictionary.cpp, line 227]
Event: 116.229 Thread 0x000001e02354b800 Exception <a 'java/lang/ClassNotFoundException'{0x0000000091b57b78}: com/miyake/demo/entities/PortTestEntityCustomizer> (0x0000000091b57b78) thrown at [./src/hotspot/share/classfile/systemDictionary.cpp, line 227]
Event: 1766.699 Thread 0x000001e023569800 Exception <a 'java/net/SocketException'{0x000000008f2fb460}: Software caused connection abort: socket write error> (0x000000008f2fb460) thrown at [./src/hotspot/share/prims/jni.cpp, line 634]
Event: 1766.700 Thread 0x000001e023569800 Exception <a 'java/net/SocketException'{0x000000008f2fbb08}: Software caused connection abort: recv failed> (0x000000008f2fbb08) thrown at [./src/hotspot/share/prims/jni.cpp, line 634]
Event: 1770.072 Thread 0x000001e023569800 Exception <a 'java/net/SocketException'{0x000000008f2fd608}: Software caused connection abort: socket write error> (0x000000008f2fd608) thrown at [./src/hotspot/share/prims/jni.cpp, line 634]
Event: 1770.072 Thread 0x000001e023569800 Exception <a 'java/net/SocketException'{0x000000008f2fdc28}: Software caused connection abort: recv failed> (0x000000008f2fdc28) thrown at [./src/hotspot/share/prims/jni.cpp, line 634]
Event: 1783.209 Thread 0x000001e023565800 Exception <a 'java/net/SocketException'{0x000000008efa69c8}: Software caused connection abort: socket write error> (0x000000008efa69c8) thrown at [./src/hotspot/share/prims/jni.cpp, line 634]
Event: 1783.210 Thread 0x000001e023565800 Exception <a 'java/net/SocketException'{0x000000008efa6fe8}: Software caused connection abort: recv failed> (0x000000008efa6fe8) thrown at [./src/hotspot/share/prims/jni.cpp, line 634]
Event: 1786.605 Thread 0x000001e023565800 Exception <a 'java/net/SocketException'{0x000000008efa8ae8}: Software caused connection abort: recv failed> (0x000000008efa8ae8) thrown at [./src/hotspot/share/prims/jni.cpp, line 634]
Event: 1788.140 Thread 0x000001e023565800 Exception <a 'java/net/SocketException'{0x000000008efaa2f8}: Software caused connection abort: socket write error> (0x000000008efaa2f8) thrown at [./src/hotspot/share/prims/jni.cpp, line 634]
Event: 1788.140 Thread 0x000001e023565800 Exception <a 'java/net/SocketException'{0x000000008efaa918}: Software caused connection abort: recv failed> (0x000000008efaa918) thrown at [./src/hotspot/share/prims/jni.cpp, line 634]
Event: 1790.825 Thread 0x000001e023565800 Exception <a 'java/net/SocketException'{0x000000008efac128}: Software caused connection abort: socket write error> (0x000000008efac128) thrown at [./src/hotspot/share/prims/jni.cpp, line 634]
Event: 1790.826 Thread 0x000001e023565800 Exception <a 'java/net/SocketException'{0x000000008efac748}: Software caused connection abort: recv failed> (0x000000008efac748) thrown at [./src/hotspot/share/prims/jni.cpp, line 634]
Event: 1790.968 Thread 0x000001e023565800 Exception <a 'java/net/SocketException'{0x000000008efadf58}: Software caused connection abort: socket write error> (0x000000008efadf58) thrown at [./src/hotspot/share/prims/jni.cpp, line 634]
Event: 1790.969 Thread 0x000001e023565800 Exception <a 'java/net/SocketException'{0x000000008efae578}: Software caused connection abort: recv failed> (0x000000008efae578) thrown at [./src/hotspot/share/prims/jni.cpp, line 634]
Event: 1795.062 Thread 0x000001e023565800 Exception <a 'java/net/SocketException'{0x000000008efafd88}: Software caused connection abort: socket write error> (0x000000008efafd88) thrown at [./src/hotspot/share/prims/jni.cpp, line 634]
Event: 1795.063 Thread 0x000001e023565800 Exception <a 'java/net/SocketException'{0x000000008efb03a8}: Software caused connection abort: recv failed> (0x000000008efb03a8) thrown at [./src/hotspot/share/prims/jni.cpp, line 634]
Event: 1799.658 Thread 0x000001e023565800 Exception <a 'java/net/SocketException'{0x000000008efb1ea8}: Software caused connection abort: recv failed> (0x000000008efb1ea8) thrown at [./src/hotspot/share/prims/jni.cpp, line 634]
Event: 1849.974 Thread 0x000001e023569800 Exception <a 'java/net/SocketException'{0x000000008e5434c8}: Software caused connection abort: recv failed> (0x000000008e5434c8) thrown at [./src/hotspot/share/prims/jni.cpp, line 634]

Events (20 events):
Event: 1854.826 Executing VM operation: GetStackTrace
Event: 1854.827 Executing VM operation: GetStackTrace done
Event: 1854.829 Executing VM operation: GetFrameCount
Event: 1854.830 Executing VM operation: GetFrameCount done
Event: 1854.835 Executing VM operation: GetOwnedMonitorInfo
Event: 1854.835 Executing VM operation: GetOwnedMonitorInfo done
Event: 1854.836 Executing VM operation: GetCurrentContendedMonitor
Event: 1854.836 Executing VM operation: GetCurrentContendedMonitor done
Event: 1854.838 Executing VM operation: GetOwnedMonitorInfo
Event: 1854.838 Executing VM operation: GetOwnedMonitorInfo done
Event: 1854.839 Executing VM operation: GetCurrentContendedMonitor
Event: 1854.839 Executing VM operation: GetCurrentContendedMonitor done
Event: 1854.840 Executing VM operation: GetCurrentContendedMonitor
Event: 1854.841 Executing VM operation: GetCurrentContendedMonitor done
Event: 1854.841 Executing VM operation: GetOwnedMonitorInfo
Event: 1854.841 Executing VM operation: GetOwnedMonitorInfo done
Event: 1854.984 Thread 0x000001e023569800 Thread exited: 0x000001e023569800
Event: 1854.987 Executing VM operation: GetFrameLocation
Event: 1854.987 Executing VM operation: GetFrameLocation done
Event: 1854.987 Executing VM operation: GetOrSetLocal


Dynamic libraries:
0x00007ff7d3f60000 - 0x00007ff7d3f6d000 	C:\Program Files\graalvm-ce-java11-22.1.0\bin\javaw.exe
0x00007ff978700000 - 0x00007ff978909000 	C:\WINDOWS\SYSTEM32\ntdll.dll
0x00007ff977db0000 - 0x00007ff977e6d000 	C:\WINDOWS\System32\KERNEL32.DLL
0x00007ff975fe0000 - 0x00007ff976359000 	C:\WINDOWS\System32\KERNELBASE.dll
0x00007ff975e00000 - 0x00007ff975f11000 	C:\WINDOWS\System32\ucrtbase.dll
0x00007ff9714f0000 - 0x00007ff971507000 	C:\Program Files\graalvm-ce-java11-22.1.0\bin\jli.dll
0x00007ff977260000 - 0x00007ff97740c000 	C:\WINDOWS\System32\USER32.dll
0x00007ff9764d0000 - 0x00007ff9764f6000 	C:\WINDOWS\System32\win32u.dll
0x00007ff976690000 - 0x00007ff9766b9000 	C:\WINDOWS\System32\GDI32.dll
0x00007ff975bf0000 - 0x00007ff975d02000 	C:\WINDOWS\System32\gdi32full.dll
0x00007ff976500000 - 0x00007ff97659d000 	C:\WINDOWS\System32\msvcp_win.dll
0x00007ff9713a0000 - 0x00007ff9713b5000 	C:\Program Files\graalvm-ce-java11-22.1.0\bin\VCRUNTIME140.dll
0x00007ff95a720000 - 0x00007ff95a9c5000 	C:\WINDOWS\WinSxS\amd64_microsoft.windows.common-controls_6595b64144ccf1df_6.0.22000.120_none_9d947278b86cc467\COMCTL32.dll
0x00007ff976f70000 - 0x00007ff977013000 	C:\WINDOWS\System32\msvcrt.dll
0x00007ff978680000 - 0x00007ff9786b1000 	C:\WINDOWS\System32\IMM32.DLL
0x00007ff9711b0000 - 0x00007ff97124b000 	C:\Program Files\graalvm-ce-java11-22.1.0\bin\msvcp140.dll
0x00007ff8eca70000 - 0x00007ff8ed5ac000 	C:\Program Files\graalvm-ce-java11-22.1.0\bin\server\jvm.dll
0x00007ff9771b0000 - 0x00007ff97725e000 	C:\WINDOWS\System32\ADVAPI32.dll
0x00007ff9766c0000 - 0x00007ff97675e000 	C:\WINDOWS\System32\sechost.dll
0x00007ff977020000 - 0x00007ff977140000 	C:\WINDOWS\System32\RPCRT4.dll
0x00007ff977480000 - 0x00007ff977488000 	C:\WINDOWS\System32\PSAPI.DLL
0x00007ff96d570000 - 0x00007ff96d5a3000 	C:\WINDOWS\SYSTEM32\WINMM.dll
0x00007ff967db0000 - 0x00007ff967db9000 	C:\WINDOWS\SYSTEM32\WSOCK32.dll
0x00007ff9774b0000 - 0x00007ff97751f000 	C:\WINDOWS\System32\WS2_32.dll
0x00007ff96d3c0000 - 0x00007ff96d3ca000 	C:\WINDOWS\SYSTEM32\VERSION.dll
0x00007ff974cf0000 - 0x00007ff974d08000 	C:\WINDOWS\SYSTEM32\kernel.appcore.dll
0x00007ff9715b0000 - 0x00007ff9715c0000 	C:\Program Files\graalvm-ce-java11-22.1.0\bin\verify.dll
0x00007ff973980000 - 0x00007ff973ba1000 	C:\WINDOWS\SYSTEM32\DBGHELP.DLL
0x00007ff96c6b0000 - 0x00007ff96c6e1000 	C:\WINDOWS\SYSTEM32\dbgcore.DLL
0x00007ff975d80000 - 0x00007ff975dff000 	C:\WINDOWS\System32\bcryptPrimitives.dll
0x00007ff971370000 - 0x00007ff971398000 	C:\Program Files\graalvm-ce-java11-22.1.0\bin\java.dll
0x00007ff9714e0000 - 0x00007ff9714ea000 	C:\Program Files\graalvm-ce-java11-22.1.0\bin\jimage.dll
0x00007ff971170000 - 0x00007ff9711a8000 	C:\Program Files\graalvm-ce-java11-22.1.0\bin\jdwp.dll
0x00007ff971360000 - 0x00007ff97136e000 	C:\Program Files\graalvm-ce-java11-22.1.0\bin\instrument.dll
0x00007ff971340000 - 0x00007ff971358000 	C:\Program Files\graalvm-ce-java11-22.1.0\bin\zip.dll
0x00007ff977520000 - 0x00007ff977ccf000 	C:\WINDOWS\System32\SHELL32.dll
0x00007ff973d60000 - 0x00007ff9745c8000 	C:\WINDOWS\SYSTEM32\windows.storage.dll
0x00007ff977ed0000 - 0x00007ff978248000 	C:\WINDOWS\System32\combase.dll
0x00007ff973bf0000 - 0x00007ff973d56000 	C:\WINDOWS\SYSTEM32\wintypes.dll
0x00007ff978370000 - 0x00007ff97845a000 	C:\WINDOWS\System32\SHCORE.dll
0x00007ff977e70000 - 0x00007ff977ecd000 	C:\WINDOWS\System32\shlwapi.dll
0x00007ff975b20000 - 0x00007ff975b41000 	C:\WINDOWS\SYSTEM32\profapi.dll
0x00007ff971310000 - 0x00007ff97131a000 	C:\Program Files\graalvm-ce-java11-22.1.0\bin\dt_socket.dll
0x00007ff975120000 - 0x00007ff975187000 	C:\WINDOWS\System32\mswsock.dll
0x00007ff974840000 - 0x00007ff974928000 	C:\WINDOWS\SYSTEM32\DNSAPI.dll
0x00007ff974810000 - 0x00007ff97483d000 	C:\WINDOWS\SYSTEM32\IPHLPAPI.DLL
0x00007ff976d90000 - 0x00007ff976d99000 	C:\WINDOWS\System32\NSI.dll
0x00007ff96c6f0000 - 0x00007ff96c771000 	C:\WINDOWS\System32\fwpuclnt.dll
0x00007ff96ccf0000 - 0x00007ff96ccfa000 	C:\Windows\System32\rasadhlp.dll
0x00007ff971150000 - 0x00007ff971169000 	C:\Program Files\graalvm-ce-java11-22.1.0\bin\net.dll
0x00007ff96e950000 - 0x00007ff96ea5c000 	C:\WINDOWS\SYSTEM32\WINHTTP.dll
0x00007ff971130000 - 0x00007ff971143000 	C:\Program Files\graalvm-ce-java11-22.1.0\bin\nio.dll
0x00007ff971300000 - 0x00007ff971309000 	C:\Program Files\graalvm-ce-java11-22.1.0\bin\management.dll
0x00007ff971120000 - 0x00007ff97112b000 	C:\Program Files\graalvm-ce-java11-22.1.0\bin\management_ext.dll
0x00007ff957be0000 - 0x00007ff957bf7000 	C:\WINDOWS\system32\napinsp.dll
0x00007ff957bc0000 - 0x00007ff957bdb000 	C:\WINDOWS\system32\pnrpnsp.dll
0x00007ff957b60000 - 0x00007ff957b72000 	C:\WINDOWS\System32\winrnr.dll
0x00007ff957a80000 - 0x00007ff957a95000 	C:\WINDOWS\system32\wshbth.dll
0x00007ff957a60000 - 0x00007ff957a7f000 	C:\WINDOWS\system32\nlansp_c.dll
0x00007ff975360000 - 0x00007ff975378000 	C:\WINDOWS\SYSTEM32\CRYPTSP.dll
0x00007ff974c50000 - 0x00007ff974c85000 	C:\WINDOWS\system32\rsaenh.dll
0x00007ff975210000 - 0x00007ff975239000 	C:\WINDOWS\SYSTEM32\USERENV.dll
0x00007ff9754e0000 - 0x00007ff975507000 	C:\WINDOWS\SYSTEM32\bcrypt.dll
0x00007ff975380000 - 0x00007ff97538c000 	C:\WINDOWS\SYSTEM32\CRYPTBASE.dll
0x00007ff96d3d0000 - 0x00007ff96d3e9000 	C:\WINDOWS\SYSTEM32\dhcpcsvc6.DLL
0x00007ff96d550000 - 0x00007ff96d56e000 	C:\WINDOWS\SYSTEM32\dhcpcsvc.DLL
0x00007ff9710d0000 - 0x00007ff9710f5000 	C:\Program Files\graalvm-ce-java11-22.1.0\bin\sunec.dll
0x00007ff9714d0000 - 0x00007ff9714de000 	C:\Program Files\graalvm-ce-java11-22.1.0\bin\sunmscapi.dll
0x00007ff976360000 - 0x00007ff9764c2000 	C:\WINDOWS\System32\CRYPT32.dll
0x00007ff9754b0000 - 0x00007ff9754d8000 	C:\WINDOWS\SYSTEM32\ncrypt.dll
0x00007ff975470000 - 0x00007ff9754a7000 	C:\WINDOWS\SYSTEM32\NTASN1.dll

dbghelp: loaded successfully - version: 4.0.5 - missing functions: none
symbol engine: initialized successfully - sym options: 0x614 - pdb path: .;C:\Program Files\graalvm-ce-java11-22.1.0\bin;C:\WINDOWS\SYSTEM32;C:\WINDOWS\WinSxS\amd64_microsoft.windows.common-controls_6595b64144ccf1df_6.0.22000.120_none_9d947278b86cc467;C:\Program Files\graalvm-ce-java11-22.1.0\bin\server

VM Arguments:
jvm_args: -XX:ThreadPriorityPolicy=1 -XX:+UnlockExperimentalVMOptions -XX:+EnableJVMCIProduct -XX:-UnlockExperimentalVMOptions -agentlib:jdwp=transport=dt_socket,suspend=y,address=localhost:60466 -Dcom.sun.management.jmxremote -Dcom.sun.management.jmxremote.port=60465 -Dcom.sun.management.jmxremote.authenticate=false -Dcom.sun.management.jmxremote.ssl=false -Djava.rmi.server.hostname=localhost -Dspring.jmx.enabled=true -Dspring.application.admin.enabled=true -XX:TieredStopAtLevel=1 -Dspring.boot.project.name=codejava -javaagent:C:\Users\miyak\eclipse\java-2020-12\eclipse\configuration\org.eclipse.osgi\220\0\.cp\lib\javaagent-shaded.jar -Dfile.encoding=MS932 
java_command: com.miyake.demo.CodejavaApplication
java_class_path (initial): C:\Users\miyak\git\repository4\codejava\bin\main;C:\Users\miyak\.gradle\caches\modules-2\files-2.1\org.projectlombok\lombok\1.18.24\13a394eed5c4f9efb2a6d956e2086f1d81e857d9\lombok-1.18.24.jar;C:\Users\miyak\.gradle\caches\modules-2\files-2.1\org.springframework.boot\spring-boot-starter-data-jpa\2.6.7\c67c8556deb506677da64cac10c6e4edcff41847\spring-boot-starter-data-jpa-2.6.7.jar;C:\Users\miyak\.gradle\caches\modules-2\files-2.1\org.springframework.boot\spring-boot-starter-security\2.6.7\6a37eec49a7098f87cea63ec9fbc6c5a654ac622\spring-boot-starter-security-2.6.7.jar;C:\Users\miyak\.gradle\caches\modules-2\files-2.1\org.springframework.boot\spring-boot-starter-thymeleaf\2.6.7\d09d0e06d2ac1d0b7eed3da9cc459ab4fa5b50c\spring-boot-starter-thymeleaf-2.6.7.jar;C:\Users\miyak\.gradle\caches\modules-2\files-2.1\org.springframework.boot\spring-boot-starter-websocket\2.6.7\858d3bda0e1cfd580798df362d4c3f3b1a9ba1ee\spring-boot-starter-websocket-2.6.7.jar;C:\Users\miyak\.gradle\caches\modules-2\files-2.1\org.springframework.boot\spring-boot-starter-web\2.6.7\d877d6b14397f0c4b3a1611149a37eaf47f32195\spring-boot-starter-web-2.6.7.jar;C:\Users\miyak\.gradle\caches\modules-2\files-2.1\org.thymeleaf.extras\thymeleaf-extras-springsecurity5\3.0.4.RELEASE\88bb10bf73ce285208dd848e8eb17f897ebb02d4\thymeleaf-extras-springsecurity5-3.0.4.RELEASE.jar;C:\Users\miyak\.gradle\caches\modules-2\files-2.1\org.webjars\jquery-ui\1.12.1\7251d21a1d8f78d5c99919954a16777ed8c7ec86\jquery-ui-1.12.1.jar;C:\Users\miyak\.gradle\caches\modules-2\files-2.1\org.webjars\datatables\1.10.19\9a8df147e23bcf6f7dc612a49423452e0ca958a\datatables-1.10.19.jar;C:\Users\miyak\.gradle\caches\modules-2\files-2.1\org.webjars\jquery\3.6.0\633447ad320c04c69fb621d08ba2268f50822eee\jquery-3.6.0.jar;C:\Users\miyak\.gradle\caches\modules-2\files-2.1\org.webjars\bootstrap\5.1.0\d0e8ee8b9a679a8c36f88c3957f64012469678db\bootstrap-5.1.0.jar;C:\Users\miyak\.gradle\caches\modules-2\files-2.1\org.webjars\webjars
Launcher Type: SUN_STANDARD

[Global flags]
     intx CICompilerCount                          = 4                                         {product} {ergonomic}
     uint ConcGCThreads                            = 2                                         {product} {ergonomic}
     bool EnableJVMCIProduct                       = true                                {JVMCI product} {jimage}
     uint G1ConcRefinementThreads                  = 8                                         {product} {ergonomic}
   size_t G1HeapRegionSize                         = 1048576                                   {product} {ergonomic}
    uintx GCDrainStackTargetSize                   = 64                                        {product} {ergonomic}
   size_t InitialHeapSize                          = 127926272                                 {product} {ergonomic}
     bool ManagementServer                         = true                                      {product} {command line}
   size_t MarkStackSize                            = 4194304                                   {product} {ergonomic}
   size_t MaxHeapSize                              = 2040528896                                {product} {ergonomic}
   size_t MaxNewSize                               = 1223688192                                {product} {ergonomic}
   size_t MinHeapDeltaBytes                        = 1048576                                   {product} {ergonomic}
    uintx NonNMethodCodeHeapSize                   = 7549744                                {pd product} {ergonomic}
    uintx NonProfiledCodeHeapSize                  = 244108496                              {pd product} {ergonomic}
    uintx ProfiledCodeHeapSize                     = 0                                      {pd product} {ergonomic}
    uintx ReservedCodeCacheSize                    = 251658240                              {pd product} {ergonomic}
     bool SegmentedCodeCache                       = true                                      {product} {ergonomic}
     intx ThreadPriorityPolicy                     = 1                                         {product} {jimage}
     intx TieredStopAtLevel                        = 1                                         {product} {command line}
     bool UseCompressedClassPointers               = true                                 {lp64_product} {ergonomic}
     bool UseCompressedOops                        = true                                 {lp64_product} {ergonomic}
     bool UseG1GC                                  = true                                      {product} {ergonomic}
     bool UseLargePagesIndividualAllocation        = false                                  {pd product} {ergonomic}

Logging:
Log output configuration:
 #0: stdout all=warning uptime,level,tags
 #1: stderr all=off uptime,level,tags

Environment Variables:
JAVA_HOME=C:\Program Files\Amazon Corretto\jdk11.0.14_10
PATH=C:/Users/miyak/.p2/pool/plugins/org.eclipse.justj.openjdk.hotspot.jre.full.win32.x86_64_15.0.1.v20201027-0507/jre/bin/server;C:/Users/miyak/.p2/pool/plugins/org.eclipse.justj.openjdk.hotspot.jre.full.win32.x86_64_15.0.1.v20201027-0507/jre/bin;C:\WINDOWS\system32;C:\WINDOWS;C:\WINDOWS\System32\Wbem;C:\WINDOWS\System32\WindowsPowerShell\v1.0\;C:\WINDOWS\System32\OpenSSH\;C:\Program Files\Amazon Corretto\jdk11.0.14_10\bin;C:\Program Files\MySQL\MySQL Shell 8.0\bin\;C:\Users\miyak\AppData\Local\Microsoft\WindowsApps;C:\Program Files\CMake\bin;C:\apache-ant-1.10.9\bin;C:\Users\miyak\AppData\Local\GitHubDesktop\bin;C:\Program Files\MySQL\MySQL Server 8.0\bin;;C:\Users\miyak\OneDrive\fXNgbv;
USERNAME=miyak
OS=Windows_NT
PROCESSOR_IDENTIFIER=Intel64 Family 6 Model 126 Stepping 5, GenuineIntel



---------------  S Y S T E M  ---------------

OS: Windows 11 , 64 bit Build 22000 (10.0.22000.675)
OS uptime: 1 days 6:07 hours

CPU:total 8 (initial active 8) (4 cores per cpu, 2 threads per core) family 6 model 126 stepping 5 microcode 0xa8, cmov, cx8, fxsr, mmx, sse, sse2, sse3, ssse3, sse4.1, sse4.2, popcnt, avx, avx2, aes, clmul, erms, 3dnowpref, lzcnt, ht, tsc, tscinvbit, bmi1, bmi2, adx, evex, sha, fma

Memory: 4k page, system-wide physical 7778M (1019M free)
TotalPageFile size 15202M (AvailPageFile size 5104M)
current process WorkingSet (physical memory assigned to process): 501M, peak: 510M
current process commit charge ("private bytes"): 541M, peak: 543M

vm_info: OpenJDK 64-Bit Server VM (11.0.15+10-jvmci-22.1-b06) for windows-amd64 JRE (11.0.15+10-jvmci-22.1-b06), built on Apr 20 2022 08:18:23 by "" with unknown MS VC++:1916

END.
